c:\users\ezylive\desktop\сурсы\release\vc141.pdb
c:\users\ezylive\desktop\сурсы\release\utils.obj
c:\users\ezylive\desktop\сурсы\release\thook.obj
c:\users\ezylive\desktop\сурсы\release\sdk.obj
c:\users\ezylive\desktop\сурсы\release\player.obj
c:\users\ezylive\desktop\сурсы\release\parser.obj
c:\users\ezylive\desktop\сурсы\release\netvars.obj
c:\users\ezylive\desktop\сурсы\release\iniwriter.obj
c:\users\ezylive\desktop\сурсы\release\inireader.obj
c:\users\ezylive\desktop\сурсы\release\imgui_draw.obj
c:\users\ezylive\desktop\сурсы\release\imgui.obj
c:\users\ezylive\desktop\сурсы\release\imgui_impl_dx9.obj
c:\users\ezylive\desktop\сурсы\release\dllmain.obj
c:\users\ezylive\desktop\сурсы\release\convar.obj
c:\users\ezylive\desktop\сурсы\release\config.obj
c:\users\ezylive\desktop\сурсы\release\baseweapon.obj
c:\users\ezylive\desktop\сурсы\release\csgo_hack.ipdb
c:\users\ezylive\desktop\сурсы\release\csgo_hack.iobj
c:\users\ezylive\desktop\release\csgo_hack.ipdb
c:\users\ezylive\desktop\release\csgo_hack.iobj
c:\users\ezylive\desktop\release\csgo_hack.dll
c:\users\ezylive\desktop\release\csgo_hack.pdb
c:\users\ezylive\desktop\сурсы\release\csgo_hack.pdb
c:\users\ezylive\desktop\сурсы\release\csgo_hack.tlog\cl.command.1.tlog
c:\users\ezylive\desktop\сурсы\release\csgo_hack.tlog\cl.read.1.tlog
c:\users\ezylive\desktop\сурсы\release\csgo_hack.tlog\cl.write.1.tlog
c:\users\ezylive\desktop\сурсы\release\csgo_hack.tlog\csgo_hack.write.1u.tlog
c:\users\ezylive\desktop\сурсы\release\csgo_hack.tlog\link.command.1.tlog
c:\users\ezylive\desktop\сурсы\release\csgo_hack.tlog\link.read.1.tlog
c:\users\ezylive\desktop\сурсы\release\csgo_hack.tlog\link.write.1.tlog
