  DLLMain.cpp
C:\Program Files (x86)\Microsoft Visual Studio\2017\Professional\VC\Tools\MSVC\14.11.25503\include\algorithm(911): warning C4244: '=': conversion from 'wint_t' to 'char', possible loss of data
  C:\Program Files (x86)\Microsoft Visual Studio\2017\Professional\VC\Tools\MSVC\14.11.25503\include\algorithm(924): note: see reference to function template instantiation '_OutIt std::_Transform_no_deprecate<_InIt,_OutIt,wint_t(__cdecl *)(wint_t)>(_InIt,_InIt,_OutIt,_Fn &)' being compiled
          with
          [
              _OutIt=std::_String_iterator<std::_String_val<std::_Simple_types<char>>>,
              _InIt=std::_String_iterator<std::_String_val<std::_Simple_types<char>>>,
              _Fn=wint_t (__cdecl *)(wint_t)
          ]
  DLLMain.cpp(351): note: see reference to function template instantiation '_OutIt std::transform<std::_String_iterator<std::_String_val<std::_Simple_types<_Ty>>>,std::_String_iterator<std::_String_val<std::_Simple_types<_Ty>>>,wint_t(__cdecl *)(wint_t)>(_InIt,_InIt,_OutIt,_Fn)' being compiled
          with
          [
              _OutIt=std::_String_iterator<std::_String_val<std::_Simple_types<char>>>,
              _Ty=char,
              _InIt=std::_String_iterator<std::_String_val<std::_Simple_types<char>>>,
              _Fn=wint_t (__cdecl *)(wint_t)
          ]
  DLLMain.cpp(177): note: see reference to class template instantiation 'XorCompileTime::XorString<10,599>' being compiled
  DLLMain.cpp(170): note: see reference to class template instantiation 'XorCompileTime::XorString<10,598>' being compiled
  DLLMain.cpp(163): note: see reference to class template instantiation 'XorCompileTime::XorString<10,597>' being compiled
  DLLMain.cpp(156): note: see reference to class template instantiation 'XorCompileTime::XorString<10,596>' being compiled
  DLLMain.cpp(149): note: see reference to class template instantiation 'XorCompileTime::XorString<10,595>' being compiled
  DLLMain.cpp(142): note: see reference to class template instantiation 'XorCompileTime::XorString<10,594>' being compiled
  DLLMain.cpp(135): note: see reference to class template instantiation 'XorCompileTime::XorString<10,593>' being compiled
  DLLMain.cpp(128): note: see reference to class template instantiation 'XorCompileTime::XorString<10,592>' being compiled
  DLLMain.cpp(121): note: see reference to class template instantiation 'XorCompileTime::XorString<10,591>' being compiled
  DLLMain.cpp(43): note: see reference to class template instantiation 'XorCompileTime::XorString<3,588>' being compiled
  DLLMain.cpp(43): note: see reference to class template instantiation 'XorCompileTime::XorString<9,587>' being compiled
  c:\users\bobby\desktop\weewooweewoo\paid\CMenu.h(1396): note: see reference to class template instantiation 'XorCompileTime::XorString<15,586>' being compiled
  c:\users\bobby\desktop\weewooweewoo\paid\CMenu.h(908): note: see reference to class template instantiation 'XorCompileTime::XorString<2,585>' being compiled
  c:\users\bobby\desktop\weewooweewoo\paid\CMenu.h(904): note: see reference to class template instantiation 'XorCompileTime::XorString<14,584>' being compiled
  c:\users\bobby\desktop\weewooweewoo\paid\CMenu.h(861): note: see reference to class template instantiation 'XorCompileTime::XorString<9,583>' being compiled
  c:\users\bobby\desktop\weewooweewoo\paid\CMenu.h(763): note: see reference to class template instantiation 'XorCompileTime::XorString<5,582>' being compiled
  c:\users\bobby\desktop\weewooweewoo\paid\CMenu.h(677): note: see reference to class template instantiation 'XorCompileTime::XorString<4,581>' being compiled
  c:\users\bobby\desktop\weewooweewoo\paid\CMenu.h(676): note: see reference to class template instantiation 'XorCompileTime::XorString<4,580>' being compiled
  c:\users\bobby\desktop\weewooweewoo\paid\CMenu.h(675): note: see reference to class template instantiation 'XorCompileTime::XorString<0,579>' being compiled
  c:\users\bobby\desktop\weewooweewoo\paid\CMenu.h(674): note: see reference to class template instantiation 'XorCompileTime::XorString<6,578>' being compiled
  c:\users\bobby\desktop\weewooweewoo\paid\CMenu.h(667): note: see reference to class template instantiation 'XorCompileTime::XorString<20,577>' being compiled
  c:\users\bobby\desktop\weewooweewoo\paid\CMenu.h(666): note: see reference to class template instantiation 'XorCompileTime::XorString<8,576>' being compiled
  c:\users\bobby\desktop\weewooweewoo\paid\CMenu.h(664): note: see reference to class template instantiation 'XorCompileTime::XorString<6,575>' being compiled
  c:\users\bobby\desktop\weewooweewoo\paid\CMenu.h(663): note: see reference to class template instantiation 'XorCompileTime::XorString<4,574>' being compiled
  c:\users\bobby\desktop\weewooweewoo\paid\CMenu.h(660): note: see reference to class template instantiation 'XorCompileTime::XorString<9,573>' being compiled
  c:\users\bobby\desktop\weewooweewoo\paid\CMenu.h(658): note: see reference to class template instantiation 'XorCompileTime::XorString<10,572>' being compiled
  c:\users\bobby\desktop\weewooweewoo\paid\CMenu.h(657): note: see reference to class template instantiation 'XorCompileTime::XorString<11,571>' being compiled
  c:\users\bobby\desktop\weewooweewoo\paid\CMenu.h(656): note: see reference to class template instantiation 'XorCompileTime::XorString<14,570>' being compiled
  c:\users\bobby\desktop\weewooweewoo\paid\CMenu.h(655): note: see reference to class template instantiation 'XorCompileTime::XorString<8,569>' being compiled
  c:\users\bobby\desktop\weewooweewoo\paid\CMenu.h(654): note: see reference to class template instantiation 'XorCompileTime::XorString<17,568>' being compiled
  c:\users\bobby\desktop\weewooweewoo\paid\CMenu.h(653): note: see reference to class template instantiation 'XorCompileTime::XorString<16,567>' being compiled
  c:\users\bobby\desktop\weewooweewoo\paid\CMenu.h(652): note: see reference to class template instantiation 'XorCompileTime::XorString<12,566>' being compiled
  c:\users\bobby\desktop\weewooweewoo\paid\CMenu.h(596): note: see reference to class template instantiation 'XorCompileTime::XorString<10,565>' being compiled
  c:\users\bobby\desktop\weewooweewoo\paid\CMenu.h(595): note: see reference to class template instantiation 'XorCompileTime::XorString<24,564>' being compiled
  c:\users\bobby\desktop\weewooweewoo\paid\CMenu.h(594): note: see reference to class template instantiation 'XorCompileTime::XorString<23,563>' being compiled
  c:\users\bobby\desktop\weewooweewoo\paid\CMenu.h(593): note: see reference to class template instantiation 'XorCompileTime::XorString<5,562>' being compiled
  c:\users\bobby\desktop\weewooweewoo\paid\CMenu.h(591): note: see reference to class template instantiation 'XorCompileTime::XorString<10,561>' being compiled
  c:\users\bobby\desktop\weewooweewoo\paid\CMenu.h(590): note: see reference to class template instantiation 'XorCompileTime::XorString<12,560>' being compiled
  c:\users\bobby\desktop\weewooweewoo\paid\CMenu.h(589): note: see reference to class template instantiation 'XorCompileTime::XorString<14,559>' being compiled
  c:\users\bobby\desktop\weewooweewoo\paid\CMenu.h(588): note: see reference to class template instantiation 'XorCompileTime::XorString<4,558>' being compiled
  c:\users\bobby\desktop\weewooweewoo\paid\CMenu.h(586): note: see reference to class template instantiation 'XorCompileTime::XorString<11,557>' being compiled
  c:\users\bobby\desktop\weewooweewoo\paid\CMenu.h(585): note: see reference to class template instantiation 'XorCompileTime::XorString<22,556>' being compiled
  c:\users\bobby\desktop\weewooweewoo\paid\CMenu.h(584): note: see reference to class template instantiation 'XorCompileTime::XorString<20,555>' being compiled
  c:\users\bobby\desktop\weewooweewoo\paid\CMenu.h(583): note: see reference to class template instantiation 'XorCompileTime::XorString<5,554>' being compiled
  c:\users\bobby\desktop\weewooweewoo\paid\CMenu.h(581): note: see reference to class template instantiation 'XorCompileTime::XorString<21,553>' being compiled
  c:\users\bobby\desktop\weewooweewoo\paid\CMenu.h(580): note: see reference to class template instantiation 'XorCompileTime::XorString<19,552>' being compiled
  c:\users\bobby\desktop\weewooweewoo\paid\CMenu.h(579): note: see reference to class template instantiation 'XorCompileTime::XorString<3,551>' being compiled
  c:\users\bobby\desktop\weewooweewoo\paid\CMenu.h(573): note: see reference to class template instantiation 'XorCompileTime::XorString<5,550>' being compiled
  c:\users\bobby\desktop\weewooweewoo\paid\CMenu.h(546): note: see reference to class template instantiation 'XorCompileTime::XorString<4,549>' being compiled
  c:\users\bobby\desktop\weewooweewoo\paid\CMenu.h(529): note: see reference to class template instantiation 'XorCompileTime::XorString<4,548>' being compiled
  c:\users\bobby\desktop\weewooweewoo\paid\CMenu.h(525): note: see reference to class template instantiation 'XorCompileTime::XorString<13,547>' being compiled
  c:\users\bobby\desktop\weewooweewoo\paid\CMenu.h(524): note: see reference to class template instantiation 'XorCompileTime::XorString<9,546>' being compiled
  c:\users\bobby\desktop\weewooweewoo\paid\CMenu.h(523): note: see reference to class template instantiation 'XorCompileTime::XorString<9,545>' being compiled
  c:\users\bobby\desktop\weewooweewoo\paid\CMenu.h(522): note: see reference to class template instantiation 'XorCompileTime::XorString<9,544>' being compiled
  c:\users\bobby\desktop\weewooweewoo\paid\CMenu.h(520): note: see reference to class template instantiation 'XorCompileTime::XorString<7,543>' being compiled
  c:\users\bobby\desktop\weewooweewoo\paid\CMenu.h(508): note: see reference to class template instantiation 'XorCompileTime::XorString<7,542>' being compiled
  c:\users\bobby\desktop\weewooweewoo\paid\CMenu.h(506): note: see reference to class template instantiation 'XorCompileTime::XorString<28,541>' being compiled
  c:\users\bobby\desktop\weewooweewoo\paid\CMenu.h(503): note: see reference to class template instantiation 'XorCompileTime::XorString<7,540>' being compiled
  c:\users\bobby\desktop\weewooweewoo\paid\CMenu.h(501): note: see reference to class template instantiation 'XorCompileTime::XorString<20,539>' being compiled
  c:\users\bobby\desktop\weewooweewoo\paid\CMenu.h(498): note: see reference to class template instantiation 'XorCompileTime::XorString<7,538>' being compiled
  c:\users\bobby\desktop\weewooweewoo\paid\CMenu.h(496): note: see reference to class template instantiation 'XorCompileTime::XorString<10,537>' being compiled
  c:\users\bobby\desktop\weewooweewoo\paid\CMenu.h(493): note: see reference to class template instantiation 'XorCompileTime::XorString<7,536>' being compiled
  c:\users\bobby\desktop\weewooweewoo\paid\CMenu.h(491): note: see reference to class template instantiation 'XorCompileTime::XorString<11,535>' being compiled
  c:\users\bobby\desktop\weewooweewoo\paid\CMenu.h(488): note: see reference to class template instantiation 'XorCompileTime::XorString<7,534>' being compiled
  c:\users\bobby\desktop\weewooweewoo\paid\CMenu.h(486): note: see reference to class template instantiation 'XorCompileTime::XorString<14,533>' being compiled
  c:\users\bobby\desktop\weewooweewoo\paid\CMenu.h(483): note: see reference to class template instantiation 'XorCompileTime::XorString<6,532>' being compiled
  c:\users\bobby\desktop\weewooweewoo\paid\CMenu.h(481): note: see reference to class template instantiation 'XorCompileTime::XorString<22,531>' being compiled
  c:\users\bobby\desktop\weewooweewoo\paid\CMenu.h(475): note: see reference to class template instantiation 'XorCompileTime::XorString<20,530>' being compiled
  c:\users\bobby\desktop\weewooweewoo\paid\CMenu.h(472): note: see reference to class template instantiation 'XorCompileTime::XorString<13,529>' being compiled
  c:\users\bobby\desktop\weewooweewoo\paid\CMenu.h(441): note: see reference to class template instantiation 'XorCompileTime::XorString<14,528>' being compiled
  c:\users\bobby\desktop\weewooweewoo\paid\CMenu.h(438): note: see reference to class template instantiation 'XorCompileTime::XorString<13,527>' being compiled
  c:\users\bobby\desktop\weewooweewoo\paid\CMenu.h(435): note: see reference to class template instantiation 'XorCompileTime::XorString<14,526>' being compiled
  c:\users\bobby\desktop\weewooweewoo\paid\CMenu.h(433): note: see reference to class template instantiation 'XorCompileTime::XorString<13,525>' being compiled
  c:\users\bobby\desktop\weewooweewoo\paid\CMenu.h(431): note: see reference to class template instantiation 'XorCompileTime::XorString<16,524>' being compiled
  c:\users\bobby\desktop\weewooweewoo\paid\CMenu.h(430): note: see reference to class template instantiation 'XorCompileTime::XorString<11,523>' being compiled
  c:\users\bobby\desktop\weewooweewoo\paid\CMenu.h(424): note: see reference to class template instantiation 'XorCompileTime::XorString<16,522>' being compiled
  c:\users\bobby\desktop\weewooweewoo\paid\CMenu.h(423): note: see reference to class template instantiation 'XorCompileTime::XorString<10,521>' being compiled
  c:\users\bobby\desktop\weewooweewoo\paid\CMenu.h(422): note: see reference to class template instantiation 'XorCompileTime::XorString<11,520>' being compiled
  c:\users\bobby\desktop\weewooweewoo\paid\CMenu.h(421): note: see reference to class template instantiation 'XorCompileTime::XorString<13,519>' being compiled
  c:\users\bobby\desktop\weewooweewoo\paid\CMenu.h(420): note: see reference to class template instantiation 'XorCompileTime::XorString<10,518>' being compiled
  c:\users\bobby\desktop\weewooweewoo\paid\CMenu.h(419): note: see reference to class template instantiation 'XorCompileTime::XorString<14,517>' being compiled
  c:\users\bobby\desktop\weewooweewoo\paid\CMenu.h(418): note: see reference to class template instantiation 'XorCompileTime::XorString<11,516>' being compiled
  c:\users\bobby\desktop\weewooweewoo\paid\CMenu.h(417): note: see reference to class template instantiation 'XorCompileTime::XorString<10,515>' being compiled
  c:\users\bobby\desktop\weewooweewoo\paid\CMenu.h(416): note: see reference to class template instantiation 'XorCompileTime::XorString<11,514>' being compiled
  c:\users\bobby\desktop\weewooweewoo\paid\CMenu.h(415): note: see reference to class template instantiation 'XorCompileTime::XorString<12,513>' being compiled
  c:\users\bobby\desktop\weewooweewoo\paid\CMenu.h(414): note: see reference to class template instantiation 'XorCompileTime::XorString<10,512>' being compiled
  c:\users\bobby\desktop\weewooweewoo\paid\CMenu.h(413): note: see reference to class template instantiation 'XorCompileTime::XorString<8,511>' being compiled
  c:\users\bobby\desktop\weewooweewoo\paid\CMenu.h(412): note: see reference to class template instantiation 'XorCompileTime::XorString<8,510>' being compiled
  c:\users\bobby\desktop\weewooweewoo\paid\CMenu.h(410): note: see reference to class template instantiation 'XorCompileTime::XorString<6,509>' being compiled
  c:\users\bobby\desktop\weewooweewoo\paid\CMenu.h(404): note: see reference to class template instantiation 'XorCompileTime::XorString<6,508>' being compiled
  c:\users\bobby\desktop\weewooweewoo\paid\CMenu.h(403): note: see reference to class template instantiation 'XorCompileTime::XorString<3,507>' being compiled
  c:\users\bobby\desktop\weewooweewoo\paid\CMenu.h(402): note: see reference to class template instantiation 'XorCompileTime::XorString<18,506>' being compiled
  c:\users\bobby\desktop\weewooweewoo\paid\CMenu.h(401): note: see reference to class template instantiation 'XorCompileTime::XorString<3,505>' being compiled
  c:\users\bobby\desktop\weewooweewoo\paid\CMenu.h(400): note: see reference to class template instantiation 'XorCompileTime::XorString<16,504>' being compiled
  c:\users\bobby\desktop\weewooweewoo\paid\CMenu.h(399): note: see reference to class template instantiation 'XorCompileTime::XorString<3,503>' being compiled
  c:\users\bobby\desktop\weewooweewoo\paid\CMenu.h(398): note: see reference to class template instantiation 'XorCompileTime::XorString<8,502>' being compiled
  c:\users\bobby\desktop\weewooweewoo\paid\CMenu.h(397): note: see reference to class template instantiation 'XorCompileTime::XorString<3,501>' being compiled
  c:\users\bobby\desktop\weewooweewoo\paid\CMenu.h(396): note: see reference to class template instantiation 'XorCompileTime::XorString<14,500>' being compiled
  c:\users\bobby\desktop\weewooweewoo\paid\CMenu.h(395): note: see reference to class template instantiation 'XorCompileTime::XorString<8,499>' being compiled
  c:\users\bobby\desktop\weewooweewoo\paid\CMenu.h(394): note: see reference to class template instantiation 'XorCompileTime::XorString<12,498>' being compiled
  c:\users\bobby\desktop\weewooweewoo\paid\CMenu.h(393): note: see reference to class template instantiation 'XorCompileTime::XorString<10,497>' being compiled
  c:\users\bobby\desktop\weewooweewoo\paid\CMenu.h(392): note: see reference to class template instantiation 'XorCompileTime::XorString<4,496>' being compiled
  c:\users\bobby\desktop\weewooweewoo\paid\CMenu.h(390): note: see reference to class template instantiation 'XorCompileTime::XorString<11,495>' being compiled
  c:\users\bobby\desktop\weewooweewoo\paid\CMenu.h(389): note: see reference to class template instantiation 'XorCompileTime::XorString<11,494>' being compiled
  c:\users\bobby\desktop\weewooweewoo\paid\CMenu.h(387): note: see reference to class template instantiation 'XorCompileTime::XorString<12,493>' being compiled
  c:\users\bobby\desktop\weewooweewoo\paid\CMenu.h(377): note: see reference to class template instantiation 'XorCompileTime::XorString<10,492>' being compiled
  c:\users\bobby\desktop\weewooweewoo\paid\CMenu.h(376): note: see reference to class template instantiation 'XorCompileTime::XorString<7,491>' being compiled
  c:\users\bobby\desktop\weewooweewoo\paid\CMenu.h(373): note: see reference to class template instantiation 'XorCompileTime::XorString<7,490>' being compiled
  c:\users\bobby\desktop\weewooweewoo\paid\CMenu.h(372): note: see reference to class template instantiation 'XorCompileTime::XorString<11,489>' being compiled
  c:\users\bobby\desktop\weewooweewoo\paid\CMenu.h(371): note: see reference to class template instantiation 'XorCompileTime::XorString<5,488>' being compiled
  c:\users\bobby\desktop\weewooweewoo\paid\CMenu.h(368): note: see reference to class template instantiation 'XorCompileTime::XorString<10,487>' being compiled
  c:\users\bobby\desktop\weewooweewoo\paid\CMenu.h(363): note: see reference to class template instantiation 'XorCompileTime::XorString<7,486>' being compiled
  c:\users\bobby\desktop\weewooweewoo\paid\CMenu.h(362): note: see reference to class template instantiation 'XorCompileTime::XorString<5,485>' being compiled
  c:\users\bobby\desktop\weewooweewoo\paid\CMenu.h(353): note: see reference to class template instantiation 'XorCompileTime::XorString<11,484>' being compiled
  c:\users\bobby\desktop\weewooweewoo\paid\CMenu.h(351): note: see reference to class template instantiation 'XorCompileTime::XorString<17,483>' being compiled
  c:\users\bobby\desktop\weewooweewoo\paid\CMenu.h(350): note: see reference to class template instantiation 'XorCompileTime::XorString<10,482>' being compiled
  c:\users\bobby\desktop\weewooweewoo\paid\CMenu.h(349): note: see reference to class template instantiation 'XorCompileTime::XorString<11,481>' being compiled
  c:\users\bobby\desktop\weewooweewoo\paid\CMenu.h(348): note: see reference to class template instantiation 'XorCompileTime::XorString<12,480>' being compiled
  c:\users\bobby\desktop\weewooweewoo\paid\CMenu.h(347): note: see reference to class template instantiation 'XorCompileTime::XorString<10,479>' being compiled
  c:\users\bobby\desktop\weewooweewoo\paid\CMenu.h(346): note: see reference to class template instantiation 'XorCompileTime::XorString<9,478>' being compiled
  c:\users\bobby\desktop\weewooweewoo\paid\CMenu.h(345): note: see reference to class template instantiation 'XorCompileTime::XorString<5,477>' being compiled
  c:\users\bobby\desktop\weewooweewoo\paid\CMenu.h(344): note: see reference to class template instantiation 'XorCompileTime::XorString<10,476>' being compiled
  c:\users\bobby\desktop\weewooweewoo\paid\CMenu.h(341): note: see reference to class template instantiation 'XorCompileTime::XorString<6,475>' being compiled
  c:\users\bobby\desktop\weewooweewoo\paid\CMenu.h(333): note: see reference to class template instantiation 'XorCompileTime::XorString<31,474>' being compiled
  c:\users\bobby\desktop\weewooweewoo\paid\CMenu.h(332): note: see reference to class template instantiation 'XorCompileTime::XorString<31,473>' being compiled
  c:\users\bobby\desktop\weewooweewoo\paid\CMenu.h(331): note: see reference to class template instantiation 'XorCompileTime::XorString<13,472>' being compiled
  c:\users\bobby\desktop\weewooweewoo\paid\CMenu.h(330): note: see reference to class template instantiation 'XorCompileTime::XorString<25,471>' being compiled
  c:\users\bobby\desktop\weewooweewoo\paid\CMenu.h(329): note: see reference to class template instantiation 'XorCompileTime::XorString<14,470>' being compiled
  c:\users\bobby\desktop\weewooweewoo\paid\CMenu.h(325): note: see reference to class template instantiation 'XorCompileTime::XorString<11,469>' being compiled
  c:\users\bobby\desktop\weewooweewoo\paid\CMenu.h(324): note: see reference to class template instantiation 'XorCompileTime::XorString<12,468>' being compiled
  c:\users\bobby\desktop\weewooweewoo\paid\CMenu.h(320): note: see reference to class template instantiation 'XorCompileTime::XorString<17,467>' being compiled
  c:\users\bobby\desktop\weewooweewoo\paid\CMenu.h(319): note: see reference to class template instantiation 'XorCompileTime::XorString<19,466>' being compiled
  c:\users\bobby\desktop\weewooweewoo\paid\CMenu.h(315): note: see reference to class template instantiation 'XorCompileTime::XorString<3,465>' being compiled
  c:\users\bobby\desktop\weewooweewoo\paid\CMenu.h(314): note: see reference to class template instantiation 'XorCompileTime::XorString<18,464>' being compiled
  c:\users\bobby\desktop\weewooweewoo\paid\CMenu.h(313): note: see reference to class template instantiation 'XorCompileTime::XorString<10,463>' being compiled
  c:\users\bobby\desktop\weewooweewoo\paid\CMenu.h(310): note: see reference to class template instantiation 'XorCompileTime::XorString<13,462>' being compiled
  c:\users\bobby\desktop\weewooweewoo\paid\CMenu.h(309): note: see reference to class template instantiation 'XorCompileTime::XorString<13,461>' being compiled
  c:\users\bobby\desktop\weewooweewoo\paid\CMenu.h(308): note: see reference to class template instantiation 'XorCompileTime::XorString<6,460>' being compiled
  c:\users\bobby\desktop\weewooweewoo\paid\CMenu.h(305): note: see reference to class template instantiation 'XorCompileTime::XorString<3,459>' being compiled
  c:\users\bobby\desktop\weewooweewoo\paid\CMenu.h(302): note: see reference to class template instantiation 'XorCompileTime::XorString<12,458>' being compiled
  c:\users\bobby\desktop\weewooweewoo\paid\CMenu.h(301): note: see reference to class template instantiation 'XorCompileTime::XorString<6,457>' being compiled
  c:\users\bobby\desktop\weewooweewoo\paid\CMenu.h(292): note: see reference to class template instantiation 'XorCompileTime::XorString<3,456>' being compiled
  c:\users\bobby\desktop\weewooweewoo\paid\CMenu.h(291): note: see reference to class template instantiation 'XorCompileTime::XorString<10,455>' being compiled
  c:\users\bobby\desktop\weewooweewoo\paid\CMenu.h(290): note: see reference to class template instantiation 'XorCompileTime::XorString<0,454>' being compiled
  c:\users\bobby\desktop\weewooweewoo\paid\CMenu.h(289): note: see reference to class template instantiation 'XorCompileTime::XorString<11,453>' being compiled
  c:\users\bobby\desktop\weewooweewoo\paid\CMenu.h(288): note: see reference to class template instantiation 'XorCompileTime::XorString<11,452>' being compiled
  c:\users\bobby\desktop\weewooweewoo\paid\CMenu.h(287): note: see reference to class template instantiation 'XorCompileTime::XorString<11,451>' being compiled
  c:\users\bobby\desktop\weewooweewoo\paid\CMenu.h(286): note: see reference to class template instantiation 'XorCompileTime::XorString<13,450>' being compiled
  c:\users\bobby\desktop\weewooweewoo\paid\CMenu.h(284): note: see reference to class template instantiation 'XorCompileTime::XorString<6,449>' being compiled
  c:\users\bobby\desktop\weewooweewoo\paid\CVisuals.h(540): note: see reference to class template instantiation 'XorCompileTime::XorString<2,448>' being compiled
  c:\users\bobby\desktop\weewooweewoo\paid\CVisuals.h(530): note: see reference to class template instantiation 'XorCompileTime::XorString<0,447>' being compiled
  c:\users\bobby\desktop\weewooweewoo\paid\CVisuals.h(509): note: see reference to class template instantiation 'XorCompileTime::XorString<20,446>' being compiled
  c:\users\bobby\desktop\weewooweewoo\paid\CVisuals.h(503): note: see reference to class template instantiation 'XorCompileTime::XorString<15,445>' being compiled
  c:\users\bobby\desktop\weewooweewoo\paid\CVisuals.h(502): note: see reference to class template instantiation 'XorCompileTime::XorString<4,444>' being compiled
  c:\users\bobby\desktop\weewooweewoo\paid\CVisuals.h(130): note: see reference to class template instantiation 'XorCompileTime::XorString<2,443>' being compiled
  c:\users\bobby\desktop\weewooweewoo\paid\CVisuals.h(32): note: see reference to class template instantiation 'XorCompileTime::XorString<2,442>' being compiled
  c:\users\bobby\desktop\weewooweewoo\paid\CVisuals.h(30): note: see reference to class template instantiation 'XorCompileTime::XorString<3,441>' being compiled
  c:\users\bobby\desktop\weewooweewoo\paid\CVisuals.h(27): note: see reference to class template instantiation 'XorCompileTime::XorString<5,440>' being compiled
  c:\users\bobby\desktop\weewooweewoo\paid\CVisuals.h(25): note: see reference to class template instantiation 'XorCompileTime::XorString<6,439>' being compiled
  c:\users\bobby\desktop\weewooweewoo\paid\CVisuals.h(22): note: see reference to class template instantiation 'XorCompileTime::XorString<6,438>' being compiled
  c:\users\bobby\desktop\weewooweewoo\paid\CVisuals.h(20): note: see reference to class template instantiation 'XorCompileTime::XorString<7,437>' being compiled
  c:\users\bobby\desktop\weewooweewoo\paid\CVisuals.h(17): note: see reference to class template instantiation 'XorCompileTime::XorString<4,436>' being compiled
  c:\users\bobby\desktop\weewooweewoo\paid\CVisuals.h(15): note: see reference to class template instantiation 'XorCompileTime::XorString<5,435>' being compiled
  c:\users\bobby\desktop\weewooweewoo\paid\CVisuals.h(10): note: see reference to class template instantiation 'XorCompileTime::XorString<7,434>' being compiled
  c:\users\bobby\desktop\weewooweewoo\paid\CChams.h(101): note: see reference to class template instantiation 'XorCompileTime::XorString<14,433>' being compiled
  c:\users\bobby\desktop\weewooweewoo\paid\CChams.h(96): note: see reference to class template instantiation 'XorCompileTime::XorString<4,432>' being compiled
  c:\users\bobby\desktop\weewooweewoo\paid\CEvents.h(59): note: see reference to class template instantiation 'XorCompileTime::XorString<11,431>' being compiled
  c:\users\bobby\desktop\weewooweewoo\paid\CEvents.h(44): note: see reference to class template instantiation 'XorCompileTime::XorString<6,430>' being compiled
  c:\users\bobby\desktop\weewooweewoo\paid\CEvents.h(39): note: see reference to class template instantiation 'XorCompileTime::XorString<15,429>' being compiled
  c:\users\bobby\desktop\weewooweewoo\paid\CEvents.h(39): note: see reference to class template instantiation 'XorCompileTime::XorString<16,428>' being compiled
  c:\users\bobby\desktop\weewooweewoo\paid\CEvents.h(37): note: see reference to class template instantiation 'XorCompileTime::XorString<6,427>' being compiled
  c:\users\bobby\desktop\weewooweewoo\paid\CEvents.h(35): note: see reference to class template instantiation 'XorCompileTime::XorString<8,426>' being compiled
  c:\users\bobby\desktop\weewooweewoo\paid\CEvents.h(33): note: see reference to class template instantiation 'XorCompileTime::XorString<12,425>' being compiled
  c:\users\bobby\desktop\weewooweewoo\paid\CEvents.h(26): note: see reference to class template instantiation 'XorCompileTime::XorString<11,424>' being compiled
  c:\users\bobby\desktop\weewooweewoo\paid\CEvents.h(17): note: see reference to class template instantiation 'XorCompileTime::XorString<8,423>' being compiled
  c:\users\bobby\desktop\weewooweewoo\paid\CEvents.h(15): note: see reference to class template instantiation 'XorCompileTime::XorString<12,422>' being compiled
  c:\users\bobby\desktop\weewooweewoo\paid\Config.h(343): note: see reference to class template instantiation 'XorCompileTime::XorString<12,421>' being compiled
  c:\users\bobby\desktop\weewooweewoo\paid\Config.h(342): note: see reference to class template instantiation 'XorCompileTime::XorString<12,420>' being compiled
  c:\users\bobby\desktop\weewooweewoo\paid\Config.h(341): note: see reference to class template instantiation 'XorCompileTime::XorString<16,419>' being compiled
  c:\users\bobby\desktop\weewooweewoo\paid\Config.h(340): note: see reference to class template instantiation 'XorCompileTime::XorString<12,418>' being compiled
  c:\users\bobby\desktop\weewooweewoo\paid\Config.h(339): note: see reference to class template instantiation 'XorCompileTime::XorString<12,417>' being compiled
  c:\users\bobby\desktop\weewooweewoo\paid\Config.h(338): note: see reference to class template instantiation 'XorCompileTime::XorString<15,416>' being compiled
  c:\users\bobby\desktop\weewooweewoo\paid\Config.h(335): note: see reference to class template instantiation 'XorCompileTime::XorString<14,415>' being compiled
  c:\users\bobby\desktop\weewooweewoo\paid\Config.h(334): note: see reference to class template instantiation 'XorCompileTime::XorString<11,414>' being compiled
  c:\users\bobby\desktop\weewooweewoo\paid\Config.h(333): note: see reference to class template instantiation 'XorCompileTime::XorString<18,413>' being compiled
  c:\users\bobby\desktop\weewooweewoo\paid\Config.h(332): note: see reference to class template instantiation 'XorCompileTime::XorString<14,412>' being compiled
  c:\users\bobby\desktop\weewooweewoo\paid\Config.h(331): note: see reference to class template instantiation 'XorCompileTime::XorString<8,411>' being compiled
  c:\users\bobby\desktop\weewooweewoo\paid\Config.h(329): note: see reference to class template instantiation 'XorCompileTime::XorString<5,410>' being compiled
  c:\users\bobby\desktop\weewooweewoo\paid\Config.h(328): note: see reference to class template instantiation 'XorCompileTime::XorString<5,409>' being compiled
  c:\users\bobby\desktop\weewooweewoo\paid\Config.h(327): note: see reference to class template instantiation 'XorCompileTime::XorString<10,408>' being compiled
  c:\users\bobby\desktop\weewooweewoo\paid\Config.h(326): note: see reference to class template instantiation 'XorCompileTime::XorString<12,407>' being compiled
  c:\users\bobby\desktop\weewooweewoo\paid\Config.h(325): note: see reference to class template instantiation 'XorCompileTime::XorString<10,406>' being compiled
  c:\users\bobby\desktop\weewooweewoo\paid\Config.h(324): note: see reference to class template instantiation 'XorCompileTime::XorString<16,405>' being compiled
  c:\users\bobby\desktop\weewooweewoo\paid\Config.h(323): note: see reference to class template instantiation 'XorCompileTime::XorString<17,404>' being compiled
  c:\users\bobby\desktop\weewooweewoo\paid\Config.h(322): note: see reference to class template instantiation 'XorCompileTime::XorString<7,403>' being compiled
  c:\users\bobby\desktop\weewooweewoo\paid\Config.h(321): note: see reference to class template instantiation 'XorCompileTime::XorString<12,402>' being compiled
  c:\users\bobby\desktop\weewooweewoo\paid\Config.h(320): note: see reference to class template instantiation 'XorCompileTime::XorString<8,401>' being compiled
  c:\users\bobby\desktop\weewooweewoo\paid\Config.h(319): note: see reference to class template instantiation 'XorCompileTime::XorString<5,400>' being compiled
  c:\users\bobby\desktop\weewooweewoo\paid\Config.h(318): note: see reference to class template instantiation 'XorCompileTime::XorString<4,399>' being compiled
  c:\users\bobby\desktop\weewooweewoo\paid\Config.h(317): note: see reference to class template instantiation 'XorCompileTime::XorString<8,398>' being compiled
  c:\users\bobby\desktop\weewooweewoo\paid\Config.h(315): note: see reference to class template instantiation 'XorCompileTime::XorString<5,397>' being compiled
  c:\users\bobby\desktop\weewooweewoo\paid\Config.h(306): note: see reference to class template instantiation 'XorCompileTime::XorString<22,396>' being compiled
  c:\users\bobby\desktop\weewooweewoo\paid\Config.h(306): note: see reference to class template instantiation 'XorCompileTime::XorString<4,395>' being compiled
  c:\users\bobby\desktop\weewooweewoo\paid\Config.h(305): note: see reference to class template instantiation 'XorCompileTime::XorString<17,394>' being compiled
  c:\users\bobby\desktop\weewooweewoo\paid\Config.h(305): note: see reference to class template instantiation 'XorCompileTime::XorString<4,393>' being compiled
  c:\users\bobby\desktop\weewooweewoo\paid\Config.h(304): note: see reference to class template instantiation 'XorCompileTime::XorString<16,392>' being compiled
  c:\users\bobby\desktop\weewooweewoo\paid\Config.h(304): note: see reference to class template instantiation 'XorCompileTime::XorString<4,391>' being compiled
  c:\users\bobby\desktop\weewooweewoo\paid\Config.h(303): note: see reference to class template instantiation 'XorCompileTime::XorString<11,390>' being compiled
  c:\users\bobby\desktop\weewooweewoo\paid\Config.h(303): note: see reference to class template instantiation 'XorCompileTime::XorString<4,389>' being compiled
  c:\users\bobby\desktop\weewooweewoo\paid\Config.h(302): note: see reference to class template instantiation 'XorCompileTime::XorString<12,388>' being compiled
  c:\users\bobby\desktop\weewooweewoo\paid\Config.h(302): note: see reference to class template instantiation 'XorCompileTime::XorString<4,387>' being compiled
  c:\users\bobby\desktop\weewooweewoo\paid\Config.h(301): note: see reference to class template instantiation 'XorCompileTime::XorString<8,386>' being compiled
  c:\users\bobby\desktop\weewooweewoo\paid\Config.h(301): note: see reference to class template instantiation 'XorCompileTime::XorString<4,385>' being compiled
  c:\users\bobby\desktop\weewooweewoo\paid\Config.h(300): note: see reference to class template instantiation 'XorCompileTime::XorString<8,384>' being compiled
  c:\users\bobby\desktop\weewooweewoo\paid\Config.h(300): note: see reference to class template instantiation 'XorCompileTime::XorString<4,383>' being compiled
  c:\users\bobby\desktop\weewooweewoo\paid\Config.h(299): note: see reference to class template instantiation 'XorCompileTime::XorString<9,382>' being compiled
  c:\users\bobby\desktop\weewooweewoo\paid\Config.h(299): note: see reference to class template instantiation 'XorCompileTime::XorString<4,381>' being compiled
  c:\users\bobby\desktop\weewooweewoo\paid\Config.h(298): note: see reference to class template instantiation 'XorCompileTime::XorString<16,380>' being compiled
  c:\users\bobby\desktop\weewooweewoo\paid\Config.h(298): note: see reference to class template instantiation 'XorCompileTime::XorString<4,379>' being compiled
  c:\users\bobby\desktop\weewooweewoo\paid\Config.h(297): note: see reference to class template instantiation 'XorCompileTime::XorString<16,378>' being compiled
  c:\users\bobby\desktop\weewooweewoo\paid\Config.h(297): note: see reference to class template instantiation 'XorCompileTime::XorString<4,377>' being compiled
  c:\users\bobby\desktop\weewooweewoo\paid\Config.h(296): note: see reference to class template instantiation 'XorCompileTime::XorString<13,376>' being compiled
  c:\users\bobby\desktop\weewooweewoo\paid\Config.h(296): note: see reference to class template instantiation 'XorCompileTime::XorString<4,375>' being compiled
  c:\users\bobby\desktop\weewooweewoo\paid\Config.h(295): note: see reference to class template instantiation 'XorCompileTime::XorString<10,374>' being compiled
  c:\users\bobby\desktop\weewooweewoo\paid\Config.h(295): note: see reference to class template instantiation 'XorCompileTime::XorString<4,373>' being compiled
  c:\users\bobby\desktop\weewooweewoo\paid\Config.h(294): note: see reference to class template instantiation 'XorCompileTime::XorString<12,372>' being compiled
  c:\users\bobby\desktop\weewooweewoo\paid\Config.h(294): note: see reference to class template instantiation 'XorCompileTime::XorString<4,371>' being compiled
  c:\users\bobby\desktop\weewooweewoo\paid\Config.h(293): note: see reference to class template instantiation 'XorCompileTime::XorString<13,370>' being compiled
  c:\users\bobby\desktop\weewooweewoo\paid\Config.h(293): note: see reference to class template instantiation 'XorCompileTime::XorString<4,369>' being compiled
  c:\users\bobby\desktop\weewooweewoo\paid\Config.h(292): note: see reference to class template instantiation 'XorCompileTime::XorString<9,368>' being compiled
  c:\users\bobby\desktop\weewooweewoo\paid\Config.h(292): note: see reference to class template instantiation 'XorCompileTime::XorString<4,367>' being compiled
  c:\users\bobby\desktop\weewooweewoo\paid\Config.h(291): note: see reference to class template instantiation 'XorCompileTime::XorString<8,366>' being compiled
  c:\users\bobby\desktop\weewooweewoo\paid\Config.h(291): note: see reference to class template instantiation 'XorCompileTime::XorString<4,365>' being compiled
  c:\users\bobby\desktop\weewooweewoo\paid\Config.h(290): note: see reference to class template instantiation 'XorCompileTime::XorString<14,364>' being compiled
  c:\users\bobby\desktop\weewooweewoo\paid\Config.h(290): note: see reference to class template instantiation 'XorCompileTime::XorString<4,363>' being compiled
  c:\users\bobby\desktop\weewooweewoo\paid\Config.h(289): note: see reference to class template instantiation 'XorCompileTime::XorString<9,362>' being compiled
  c:\users\bobby\desktop\weewooweewoo\paid\Config.h(289): note: see reference to class template instantiation 'XorCompileTime::XorString<4,361>' being compiled
  c:\users\bobby\desktop\weewooweewoo\paid\Config.h(288): note: see reference to class template instantiation 'XorCompileTime::XorString<12,360>' being compiled
  c:\users\bobby\desktop\weewooweewoo\paid\Config.h(288): note: see reference to class template instantiation 'XorCompileTime::XorString<4,359>' being compiled
  c:\users\bobby\desktop\weewooweewoo\paid\Config.h(286): note: see reference to class template instantiation 'XorCompileTime::XorString<8,358>' being compiled
  c:\users\bobby\desktop\weewooweewoo\paid\Config.h(286): note: see reference to class template instantiation 'XorCompileTime::XorString<11,357>' being compiled
  c:\users\bobby\desktop\weewooweewoo\paid\Config.h(285): note: see reference to class template instantiation 'XorCompileTime::XorString<7,356>' being compiled
  c:\users\bobby\desktop\weewooweewoo\paid\Config.h(285): note: see reference to class template instantiation 'XorCompileTime::XorString<11,355>' being compiled
  c:\users\bobby\desktop\weewooweewoo\paid\Config.h(284): note: see reference to class template instantiation 'XorCompileTime::XorString<8,354>' being compiled
  c:\users\bobby\desktop\weewooweewoo\paid\Config.h(284): note: see reference to class template instantiation 'XorCompileTime::XorString<11,353>' being compiled
  c:\users\bobby\desktop\weewooweewoo\paid\Config.h(283): note: see reference to class template instantiation 'XorCompileTime::XorString<7,352>' being compiled
  c:\users\bobby\desktop\weewooweewoo\paid\Config.h(283): note: see reference to class template instantiation 'XorCompileTime::XorString<11,351>' being compiled
  c:\users\bobby\desktop\weewooweewoo\paid\Config.h(282): note: see reference to class template instantiation 'XorCompileTime::XorString<8,350>' being compiled
  c:\users\bobby\desktop\weewooweewoo\paid\Config.h(282): note: see reference to class template instantiation 'XorCompileTime::XorString<11,349>' being compiled
  c:\users\bobby\desktop\weewooweewoo\paid\Config.h(281): note: see reference to class template instantiation 'XorCompileTime::XorString<10,348>' being compiled
  c:\users\bobby\desktop\weewooweewoo\paid\Config.h(281): note: see reference to class template instantiation 'XorCompileTime::XorString<11,347>' being compiled
  c:\users\bobby\desktop\weewooweewoo\paid\Config.h(280): note: see reference to class template instantiation 'XorCompileTime::XorString<11,346>' being compiled
  c:\users\bobby\desktop\weewooweewoo\paid\Config.h(280): note: see reference to class template instantiation 'XorCompileTime::XorString<11,345>' being compiled
  c:\users\bobby\desktop\weewooweewoo\paid\Config.h(279): note: see reference to class template instantiation 'XorCompileTime::XorString<10,344>' being compiled
  c:\users\bobby\desktop\weewooweewoo\paid\Config.h(279): note: see reference to class template instantiation 'XorCompileTime::XorString<11,343>' being compiled
  c:\users\bobby\desktop\weewooweewoo\paid\Config.h(278): note: see reference to class template instantiation 'XorCompileTime::XorString<6,342>' being compiled
  c:\users\bobby\desktop\weewooweewoo\paid\Config.h(278): note: see reference to class template instantiation 'XorCompileTime::XorString<11,341>' being compiled
  c:\users\bobby\desktop\weewooweewoo\paid\Config.h(277): note: see reference to class template instantiation 'XorCompileTime::XorString<6,340>' being compiled
  c:\users\bobby\desktop\weewooweewoo\paid\Config.h(277): note: see reference to class template instantiation 'XorCompileTime::XorString<11,339>' being compiled
  c:\users\bobby\desktop\weewooweewoo\paid\Config.h(276): note: see reference to class template instantiation 'XorCompileTime::XorString<13,338>' being compiled
  c:\users\bobby\desktop\weewooweewoo\paid\Config.h(276): note: see reference to class template instantiation 'XorCompileTime::XorString<11,337>' being compiled
  c:\users\bobby\desktop\weewooweewoo\paid\Config.h(275): note: see reference to class template instantiation 'XorCompileTime::XorString<13,336>' being compiled
  c:\users\bobby\desktop\weewooweewoo\paid\Config.h(275): note: see reference to class template instantiation 'XorCompileTime::XorString<11,335>' being compiled
  c:\users\bobby\desktop\weewooweewoo\paid\Config.h(274): note: see reference to class template instantiation 'XorCompileTime::XorString<12,334>' being compiled
  c:\users\bobby\desktop\weewooweewoo\paid\Config.h(274): note: see reference to class template instantiation 'XorCompileTime::XorString<11,333>' being compiled
  c:\users\bobby\desktop\weewooweewoo\paid\Config.h(271): note: see reference to class template instantiation 'XorCompileTime::XorString<6,332>' being compiled
  c:\users\bobby\desktop\weewooweewoo\paid\Config.h(271): note: see reference to class template instantiation 'XorCompileTime::XorString<5,331>' being compiled
  c:\users\bobby\desktop\weewooweewoo\paid\Config.h(270): note: see reference to class template instantiation 'XorCompileTime::XorString<6,330>' being compiled
  c:\users\bobby\desktop\weewooweewoo\paid\Config.h(270): note: see reference to class template instantiation 'XorCompileTime::XorString<5,329>' being compiled
  c:\users\bobby\desktop\weewooweewoo\paid\Config.h(269): note: see reference to class template instantiation 'XorCompileTime::XorString<6,328>' being compiled
  c:\users\bobby\desktop\weewooweewoo\paid\Config.h(269): note: see reference to class template instantiation 'XorCompileTime::XorString<5,327>' being compiled
  c:\users\bobby\desktop\weewooweewoo\paid\Config.h(267): note: see reference to class template instantiation 'XorCompileTime::XorString<9,326>' being compiled
  c:\users\bobby\desktop\weewooweewoo\paid\Config.h(267): note: see reference to class template instantiation 'XorCompileTime::XorString<5,325>' being compiled
  c:\users\bobby\desktop\weewooweewoo\paid\Config.h(266): note: see reference to class template instantiation 'XorCompileTime::XorString<9,324>' being compiled
  c:\users\bobby\desktop\weewooweewoo\paid\Config.h(266): note: see reference to class template instantiation 'XorCompileTime::XorString<5,323>' being compiled
  c:\users\bobby\desktop\weewooweewoo\paid\Config.h(265): note: see reference to class template instantiation 'XorCompileTime::XorString<9,322>' being compiled
  c:\users\bobby\desktop\weewooweewoo\paid\Config.h(265): note: see reference to class template instantiation 'XorCompileTime::XorString<5,321>' being compiled
  c:\users\bobby\desktop\weewooweewoo\paid\Config.h(263): note: see reference to class template instantiation 'XorCompileTime::XorString<7,320>' being compiled
  c:\users\bobby\desktop\weewooweewoo\paid\Config.h(263): note: see reference to class template instantiation 'XorCompileTime::XorString<5,319>' being compiled
  c:\users\bobby\desktop\weewooweewoo\paid\Config.h(262): note: see reference to class template instantiation 'XorCompileTime::XorString<7,318>' being compiled
  c:\users\bobby\desktop\weewooweewoo\paid\Config.h(262): note: see reference to class template instantiation 'XorCompileTime::XorString<5,317>' being compiled
  c:\users\bobby\desktop\weewooweewoo\paid\Config.h(261): note: see reference to class template instantiation 'XorCompileTime::XorString<7,316>' being compiled
  c:\users\bobby\desktop\weewooweewoo\paid\Config.h(261): note: see reference to class template instantiation 'XorCompileTime::XorString<5,315>' being compiled
  c:\users\bobby\desktop\weewooweewoo\paid\Config.h(259): note: see reference to class template instantiation 'XorCompileTime::XorString<5,314>' being compiled
  c:\users\bobby\desktop\weewooweewoo\paid\Config.h(259): note: see reference to class template instantiation 'XorCompileTime::XorString<5,313>' being compiled
  c:\users\bobby\desktop\weewooweewoo\paid\Config.h(258): note: see reference to class template instantiation 'XorCompileTime::XorString<11,312>' being compiled
  c:\users\bobby\desktop\weewooweewoo\paid\Config.h(258): note: see reference to class template instantiation 'XorCompileTime::XorString<5,311>' being compiled
  c:\users\bobby\desktop\weewooweewoo\paid\Config.h(257): note: see reference to class template instantiation 'XorCompileTime::XorString<12,310>' being compiled
  c:\users\bobby\desktop\weewooweewoo\paid\Config.h(257): note: see reference to class template instantiation 'XorCompileTime::XorString<5,309>' being compiled
  c:\users\bobby\desktop\weewooweewoo\paid\Config.h(256): note: see reference to class template instantiation 'XorCompileTime::XorString<10,308>' being compiled
  c:\users\bobby\desktop\weewooweewoo\paid\Config.h(256): note: see reference to class template instantiation 'XorCompileTime::XorString<5,307>' being compiled
  c:\users\bobby\desktop\weewooweewoo\paid\Config.h(255): note: see reference to class template instantiation 'XorCompileTime::XorString<10,306>' being compiled
  c:\users\bobby\desktop\weewooweewoo\paid\Config.h(255): note: see reference to class template instantiation 'XorCompileTime::XorString<5,305>' being compiled
  c:\users\bobby\desktop\weewooweewoo\paid\Config.h(254): note: see reference to class template instantiation 'XorCompileTime::XorString<6,304>' being compiled
  c:\users\bobby\desktop\weewooweewoo\paid\Config.h(254): note: see reference to class template instantiation 'XorCompileTime::XorString<5,303>' being compiled
  c:\users\bobby\desktop\weewooweewoo\paid\Config.h(253): note: see reference to class template instantiation 'XorCompileTime::XorString<5,302>' being compiled
  c:\users\bobby\desktop\weewooweewoo\paid\Config.h(253): note: see reference to class template instantiation 'XorCompileTime::XorString<5,301>' being compiled
  c:\users\bobby\desktop\weewooweewoo\paid\Config.h(252): note: see reference to class template instantiation 'XorCompileTime::XorString<6,300>' being compiled
  c:\users\bobby\desktop\weewooweewoo\paid\Config.h(252): note: see reference to class template instantiation 'XorCompileTime::XorString<5,299>' being compiled
  c:\users\bobby\desktop\weewooweewoo\paid\Config.h(251): note: see reference to class template instantiation 'XorCompileTime::XorString<8,298>' being compiled
  c:\users\bobby\desktop\weewooweewoo\paid\Config.h(251): note: see reference to class template instantiation 'XorCompileTime::XorString<5,297>' being compiled
  c:\users\bobby\desktop\weewooweewoo\paid\Config.h(249): note: see reference to class template instantiation 'XorCompileTime::XorString<7,296>' being compiled
  c:\users\bobby\desktop\weewooweewoo\paid\Config.h(249): note: see reference to class template instantiation 'XorCompileTime::XorString<3,295>' being compiled
  c:\users\bobby\desktop\weewooweewoo\paid\Config.h(248): note: see reference to class template instantiation 'XorCompileTime::XorString<7,294>' being compiled
  c:\users\bobby\desktop\weewooweewoo\paid\Config.h(248): note: see reference to class template instantiation 'XorCompileTime::XorString<3,293>' being compiled
  c:\users\bobby\desktop\weewooweewoo\paid\Config.h(247): note: see reference to class template instantiation 'XorCompileTime::XorString<7,292>' being compiled
  c:\users\bobby\desktop\weewooweewoo\paid\Config.h(247): note: see reference to class template instantiation 'XorCompileTime::XorString<3,291>' being compiled
  c:\users\bobby\desktop\weewooweewoo\paid\Config.h(245): note: see reference to class template instantiation 'XorCompileTime::XorString<7,290>' being compiled
  c:\users\bobby\desktop\weewooweewoo\paid\Config.h(245): note: see reference to class template instantiation 'XorCompileTime::XorString<3,289>' being compiled
  c:\users\bobby\desktop\weewooweewoo\paid\Config.h(244): note: see reference to class template instantiation 'XorCompileTime::XorString<7,288>' being compiled
  c:\users\bobby\desktop\weewooweewoo\paid\Config.h(244): note: see reference to class template instantiation 'XorCompileTime::XorString<3,287>' being compiled
  c:\users\bobby\desktop\weewooweewoo\paid\Config.h(243): note: see reference to class template instantiation 'XorCompileTime::XorString<7,286>' being compiled
  c:\users\bobby\desktop\weewooweewoo\paid\Config.h(243): note: see reference to class template instantiation 'XorCompileTime::XorString<3,285>' being compiled
  c:\users\bobby\desktop\weewooweewoo\paid\Config.h(241): note: see reference to class template instantiation 'XorCompileTime::XorString<8,284>' being compiled
  c:\users\bobby\desktop\weewooweewoo\paid\Config.h(241): note: see reference to class template instantiation 'XorCompileTime::XorString<3,283>' being compiled
  c:\users\bobby\desktop\weewooweewoo\paid\Config.h(240): note: see reference to class template instantiation 'XorCompileTime::XorString<8,282>' being compiled
  c:\users\bobby\desktop\weewooweewoo\paid\Config.h(240): note: see reference to class template instantiation 'XorCompileTime::XorString<3,281>' being compiled
  c:\users\bobby\desktop\weewooweewoo\paid\Config.h(239): note: see reference to class template instantiation 'XorCompileTime::XorString<8,280>' being compiled
  c:\users\bobby\desktop\weewooweewoo\paid\Config.h(239): note: see reference to class template instantiation 'XorCompileTime::XorString<3,279>' being compiled
  c:\users\bobby\desktop\weewooweewoo\paid\Config.h(237): note: see reference to class template instantiation 'XorCompileTime::XorString<8,278>' being compiled
  c:\users\bobby\desktop\weewooweewoo\paid\Config.h(237): note: see reference to class template instantiation 'XorCompileTime::XorString<4,277>' being compiled
  c:\users\bobby\desktop\weewooweewoo\paid\Config.h(236): note: see reference to class template instantiation 'XorCompileTime::XorString<8,276>' being compiled
  c:\users\bobby\desktop\weewooweewoo\paid\Config.h(236): note: see reference to class template instantiation 'XorCompileTime::XorString<4,275>' being compiled
  c:\users\bobby\desktop\weewooweewoo\paid\Config.h(235): note: see reference to class template instantiation 'XorCompileTime::XorString<8,274>' being compiled
  c:\users\bobby\desktop\weewooweewoo\paid\Config.h(235): note: see reference to class template instantiation 'XorCompileTime::XorString<4,273>' being compiled
  c:\users\bobby\desktop\weewooweewoo\paid\Config.h(233): note: see reference to class template instantiation 'XorCompileTime::XorString<7,272>' being compiled
  c:\users\bobby\desktop\weewooweewoo\paid\Config.h(233): note: see reference to class template instantiation 'XorCompileTime::XorString<3,271>' being compiled
  c:\users\bobby\desktop\weewooweewoo\paid\Config.h(232): note: see reference to class template instantiation 'XorCompileTime::XorString<7,270>' being compiled
  c:\users\bobby\desktop\weewooweewoo\paid\Config.h(232): note: see reference to class template instantiation 'XorCompileTime::XorString<3,269>' being compiled
  c:\users\bobby\desktop\weewooweewoo\paid\Config.h(231): note: see reference to class template instantiation 'XorCompileTime::XorString<7,268>' being compiled
  c:\users\bobby\desktop\weewooweewoo\paid\Config.h(231): note: see reference to class template instantiation 'XorCompileTime::XorString<3,267>' being compiled
  c:\users\bobby\desktop\weewooweewoo\paid\Config.h(229): note: see reference to class template instantiation 'XorCompileTime::XorString<7,266>' being compiled
  c:\users\bobby\desktop\weewooweewoo\paid\Config.h(229): note: see reference to class template instantiation 'XorCompileTime::XorString<5,265>' being compiled
  c:\users\bobby\desktop\weewooweewoo\paid\Config.h(228): note: see reference to class template instantiation 'XorCompileTime::XorString<7,264>' being compiled
  c:\users\bobby\desktop\weewooweewoo\paid\Config.h(228): note: see reference to class template instantiation 'XorCompileTime::XorString<5,263>' being compiled
  c:\users\bobby\desktop\weewooweewoo\paid\Config.h(227): note: see reference to class template instantiation 'XorCompileTime::XorString<7,262>' being compiled
  c:\users\bobby\desktop\weewooweewoo\paid\Config.h(227): note: see reference to class template instantiation 'XorCompileTime::XorString<5,261>' being compiled
  c:\users\bobby\desktop\weewooweewoo\paid\Config.h(226): note: see reference to class template instantiation 'XorCompileTime::XorString<6,260>' being compiled
  c:\users\bobby\desktop\weewooweewoo\paid\Config.h(226): note: see reference to class template instantiation 'XorCompileTime::XorString<5,259>' being compiled
  c:\users\bobby\desktop\weewooweewoo\paid\Config.h(225): note: see reference to class template instantiation 'XorCompileTime::XorString<8,258>' being compiled
  c:\users\bobby\desktop\weewooweewoo\paid\Config.h(225): note: see reference to class template instantiation 'XorCompileTime::XorString<5,257>' being compiled
  c:\users\bobby\desktop\weewooweewoo\paid\Config.h(223): note: see reference to class template instantiation 'XorCompileTime::XorString<16,256>' being compiled
  c:\users\bobby\desktop\weewooweewoo\paid\Config.h(223): note: see reference to class template instantiation 'XorCompileTime::XorString<5,255>' being compiled
  c:\users\bobby\desktop\weewooweewoo\paid\Config.h(222): note: see reference to class template instantiation 'XorCompileTime::XorString<16,254>' being compiled
  c:\users\bobby\desktop\weewooweewoo\paid\Config.h(222): note: see reference to class template instantiation 'XorCompileTime::XorString<5,253>' being compiled
  c:\users\bobby\desktop\weewooweewoo\paid\Config.h(221): note: see reference to class template instantiation 'XorCompileTime::XorString<16,252>' being compiled
  c:\users\bobby\desktop\weewooweewoo\paid\Config.h(221): note: see reference to class template instantiation 'XorCompileTime::XorString<5,251>' being compiled
  c:\users\bobby\desktop\weewooweewoo\paid\Config.h(219): note: see reference to class template instantiation 'XorCompileTime::XorString<14,250>' being compiled
  c:\users\bobby\desktop\weewooweewoo\paid\Config.h(219): note: see reference to class template instantiation 'XorCompileTime::XorString<5,249>' being compiled
  c:\users\bobby\desktop\weewooweewoo\paid\Config.h(218): note: see reference to class template instantiation 'XorCompileTime::XorString<14,248>' being compiled
  c:\users\bobby\desktop\weewooweewoo\paid\Config.h(218): note: see reference to class template instantiation 'XorCompileTime::XorString<5,247>' being compiled
  c:\users\bobby\desktop\weewooweewoo\paid\Config.h(217): note: see reference to class template instantiation 'XorCompileTime::XorString<14,246>' being compiled
  c:\users\bobby\desktop\weewooweewoo\paid\Config.h(217): note: see reference to class template instantiation 'XorCompileTime::XorString<5,245>' being compiled
  c:\users\bobby\desktop\weewooweewoo\paid\Config.h(216): note: see reference to class template instantiation 'XorCompileTime::XorString<6,244>' being compiled
  c:\users\bobby\desktop\weewooweewoo\paid\Config.h(216): note: see reference to class template instantiation 'XorCompileTime::XorString<5,243>' being compiled
  c:\users\bobby\desktop\weewooweewoo\paid\Config.h(215): note: see reference to class template instantiation 'XorCompileTime::XorString<12,242>' being compiled
  c:\users\bobby\desktop\weewooweewoo\paid\Config.h(215): note: see reference to class template instantiation 'XorCompileTime::XorString<5,241>' being compiled
  c:\users\bobby\desktop\weewooweewoo\paid\Config.h(214): note: see reference to class template instantiation 'XorCompileTime::XorString<10,240>' being compiled
  c:\users\bobby\desktop\weewooweewoo\paid\Config.h(214): note: see reference to class template instantiation 'XorCompileTime::XorString<5,239>' being compiled
  c:\users\bobby\desktop\weewooweewoo\paid\Config.h(213): note: see reference to class template instantiation 'XorCompileTime::XorString<8,238>' being compiled
  c:\users\bobby\desktop\weewooweewoo\paid\Config.h(213): note: see reference to class template instantiation 'XorCompileTime::XorString<5,237>' being compiled
  c:\users\bobby\desktop\weewooweewoo\paid\Config.h(211): note: see reference to class template instantiation 'XorCompileTime::XorString<8,236>' being compiled
  c:\users\bobby\desktop\weewooweewoo\paid\Config.h(211): note: see reference to class template instantiation 'XorCompileTime::XorString<3,235>' being compiled
  c:\users\bobby\desktop\weewooweewoo\paid\Config.h(210): note: see reference to class template instantiation 'XorCompileTime::XorString<7,234>' being compiled
  c:\users\bobby\desktop\weewooweewoo\paid\Config.h(210): note: see reference to class template instantiation 'XorCompileTime::XorString<3,233>' being compiled
  c:\users\bobby\desktop\weewooweewoo\paid\Config.h(209): note: see reference to class template instantiation 'XorCompileTime::XorString<9,232>' being compiled
  c:\users\bobby\desktop\weewooweewoo\paid\Config.h(209): note: see reference to class template instantiation 'XorCompileTime::XorString<3,231>' being compiled
  c:\users\bobby\desktop\weewooweewoo\paid\Config.h(208): note: see reference to class template instantiation 'XorCompileTime::XorString<11,230>' being compiled
  c:\users\bobby\desktop\weewooweewoo\paid\Config.h(208): note: see reference to class template instantiation 'XorCompileTime::XorString<3,229>' being compiled
  c:\users\bobby\desktop\weewooweewoo\paid\Config.h(207): note: see reference to class template instantiation 'XorCompileTime::XorString<7,228>' being compiled
  c:\users\bobby\desktop\weewooweewoo\paid\Config.h(207): note: see reference to class template instantiation 'XorCompileTime::XorString<3,227>' being compiled
  c:\users\bobby\desktop\weewooweewoo\paid\Config.h(206): note: see reference to class template instantiation 'XorCompileTime::XorString<7,226>' being compiled
  c:\users\bobby\desktop\weewooweewoo\paid\Config.h(206): note: see reference to class template instantiation 'XorCompileTime::XorString<3,225>' being compiled
  c:\users\bobby\desktop\weewooweewoo\paid\Config.h(205): note: see reference to class template instantiation 'XorCompileTime::XorString<5,224>' being compiled
  c:\users\bobby\desktop\weewooweewoo\paid\Config.h(205): note: see reference to class template instantiation 'XorCompileTime::XorString<3,223>' being compiled
  c:\users\bobby\desktop\weewooweewoo\paid\Config.h(204): note: see reference to class template instantiation 'XorCompileTime::XorString<6,222>' being compiled
  c:\users\bobby\desktop\weewooweewoo\paid\Config.h(204): note: see reference to class template instantiation 'XorCompileTime::XorString<3,221>' being compiled
  c:\users\bobby\desktop\weewooweewoo\paid\Config.h(203): note: see reference to class template instantiation 'XorCompileTime::XorString<4,220>' being compiled
  c:\users\bobby\desktop\weewooweewoo\paid\Config.h(203): note: see reference to class template instantiation 'XorCompileTime::XorString<3,219>' being compiled
  c:\users\bobby\desktop\weewooweewoo\paid\Config.h(202): note: see reference to class template instantiation 'XorCompileTime::XorString<11,218>' being compiled
  c:\users\bobby\desktop\weewooweewoo\paid\Config.h(202): note: see reference to class template instantiation 'XorCompileTime::XorString<3,217>' being compiled
  c:\users\bobby\desktop\weewooweewoo\paid\Config.h(201): note: see reference to class template instantiation 'XorCompileTime::XorString<12,216>' being compiled
  c:\users\bobby\desktop\weewooweewoo\paid\Config.h(201): note: see reference to class template instantiation 'XorCompileTime::XorString<3,215>' being compiled
  c:\users\bobby\desktop\weewooweewoo\paid\Config.h(200): note: see reference to class template instantiation 'XorCompileTime::XorString<10,214>' being compiled
  c:\users\bobby\desktop\weewooweewoo\paid\Config.h(200): note: see reference to class template instantiation 'XorCompileTime::XorString<3,213>' being compiled
  c:\users\bobby\desktop\weewooweewoo\paid\Config.h(199): note: see reference to class template instantiation 'XorCompileTime::XorString<8,212>' being compiled
  c:\users\bobby\desktop\weewooweewoo\paid\Config.h(199): note: see reference to class template instantiation 'XorCompileTime::XorString<3,211>' being compiled
  c:\users\bobby\desktop\weewooweewoo\paid\Config.h(197): note: see reference to class template instantiation 'XorCompileTime::XorString<14,210>' being compiled
  c:\users\bobby\desktop\weewooweewoo\paid\Config.h(197): note: see reference to class template instantiation 'XorCompileTime::XorString<8,209>' being compiled
  c:\users\bobby\desktop\weewooweewoo\paid\Config.h(196): note: see reference to class template instantiation 'XorCompileTime::XorString<10,208>' being compiled
  c:\users\bobby\desktop\weewooweewoo\paid\Config.h(196): note: see reference to class template instantiation 'XorCompileTime::XorString<8,207>' being compiled
  c:\users\bobby\desktop\weewooweewoo\paid\Config.h(195): note: see reference to class template instantiation 'XorCompileTime::XorString<8,206>' being compiled
  c:\users\bobby\desktop\weewooweewoo\paid\Config.h(195): note: see reference to class template instantiation 'XorCompileTime::XorString<8,205>' being compiled
  c:\users\bobby\desktop\weewooweewoo\paid\Config.h(194): note: see reference to class template instantiation 'XorCompileTime::XorString<11,204>' being compiled
  c:\users\bobby\desktop\weewooweewoo\paid\Config.h(194): note: see reference to class template instantiation 'XorCompileTime::XorString<8,203>' being compiled
  c:\users\bobby\desktop\weewooweewoo\paid\Config.h(193): note: see reference to class template instantiation 'XorCompileTime::XorString<11,202>' being compiled
  c:\users\bobby\desktop\weewooweewoo\paid\Config.h(193): note: see reference to class template instantiation 'XorCompileTime::XorString<8,201>' being compiled
  c:\users\bobby\desktop\weewooweewoo\paid\Config.h(192): note: see reference to class template instantiation 'XorCompileTime::XorString<8,200>' being compiled
  c:\users\bobby\desktop\weewooweewoo\paid\Config.h(192): note: see reference to class template instantiation 'XorCompileTime::XorString<8,199>' being compiled
  c:\users\bobby\desktop\weewooweewoo\paid\Config.h(191): note: see reference to class template instantiation 'XorCompileTime::XorString<8,198>' being compiled
  c:\users\bobby\desktop\weewooweewoo\paid\Config.h(191): note: see reference to class template instantiation 'XorCompileTime::XorString<8,197>' being compiled
  c:\users\bobby\desktop\weewooweewoo\paid\Config.h(183): note: see reference to class template instantiation 'XorCompileTime::XorString<12,196>' being compiled
  c:\users\bobby\desktop\weewooweewoo\paid\Config.h(182): note: see reference to class template instantiation 'XorCompileTime::XorString<16,195>' being compiled
  c:\users\bobby\desktop\weewooweewoo\paid\Config.h(181): note: see reference to class template instantiation 'XorCompileTime::XorString<12,194>' being compiled
  c:\users\bobby\desktop\weewooweewoo\paid\Config.h(180): note: see reference to class template instantiation 'XorCompileTime::XorString<12,193>' being compiled
  c:\users\bobby\desktop\weewooweewoo\paid\Config.h(178): note: see reference to class template instantiation 'XorCompileTime::XorString<15,192>' being compiled
  c:\users\bobby\desktop\weewooweewoo\paid\Config.h(176): note: see reference to class template instantiation 'XorCompileTime::XorString<14,191>' being compiled
  c:\users\bobby\desktop\weewooweewoo\paid\Config.h(175): note: see reference to class template instantiation 'XorCompileTime::XorString<11,190>' being compiled
  c:\users\bobby\desktop\weewooweewoo\paid\Config.h(174): note: see reference to class template instantiation 'XorCompileTime::XorString<18,189>' being compiled
  c:\users\bobby\desktop\weewooweewoo\paid\Config.h(173): note: see reference to class template instantiation 'XorCompileTime::XorString<14,188>' being compiled
  c:\users\bobby\desktop\weewooweewoo\paid\Config.h(172): note: see reference to class template instantiation 'XorCompileTime::XorString<8,187>' being compiled
  c:\users\bobby\desktop\weewooweewoo\paid\Config.h(170): note: see reference to class template instantiation 'XorCompileTime::XorString<5,186>' being compiled
  c:\users\bobby\desktop\weewooweewoo\paid\Config.h(169): note: see reference to class template instantiation 'XorCompileTime::XorString<5,185>' being compiled
  c:\users\bobby\desktop\weewooweewoo\paid\Config.h(168): note: see reference to class template instantiation 'XorCompileTime::XorString<10,184>' being compiled
  c:\users\bobby\desktop\weewooweewoo\paid\Config.h(167): note: see reference to class template instantiation 'XorCompileTime::XorString<12,183>' being compiled
  c:\users\bobby\desktop\weewooweewoo\paid\Config.h(166): note: see reference to class template instantiation 'XorCompileTime::XorString<10,182>' being compiled
  c:\users\bobby\desktop\weewooweewoo\paid\Config.h(165): note: see reference to class template instantiation 'XorCompileTime::XorString<16,181>' being compiled
  c:\users\bobby\desktop\weewooweewoo\paid\Config.h(164): note: see reference to class template instantiation 'XorCompileTime::XorString<17,180>' being compiled
  c:\users\bobby\desktop\weewooweewoo\paid\Config.h(163): note: see reference to class template instantiation 'XorCompileTime::XorString<7,179>' being compiled
  c:\users\bobby\desktop\weewooweewoo\paid\Config.h(162): note: see reference to class template instantiation 'XorCompileTime::XorString<12,178>' being compiled
  c:\users\bobby\desktop\weewooweewoo\paid\Config.h(161): note: see reference to class template instantiation 'XorCompileTime::XorString<8,177>' being compiled
  c:\users\bobby\desktop\weewooweewoo\paid\Config.h(160): note: see reference to class template instantiation 'XorCompileTime::XorString<5,176>' being compiled
  c:\users\bobby\desktop\weewooweewoo\paid\Config.h(159): note: see reference to class template instantiation 'XorCompileTime::XorString<4,175>' being compiled
  c:\users\bobby\desktop\weewooweewoo\paid\Config.h(158): note: see reference to class template instantiation 'XorCompileTime::XorString<8,174>' being compiled
  c:\users\bobby\desktop\weewooweewoo\paid\Config.h(150): note: see reference to class template instantiation 'XorCompileTime::XorString<22,173>' being compiled
  c:\users\bobby\desktop\weewooweewoo\paid\Config.h(150): note: see reference to class template instantiation 'XorCompileTime::XorString<4,172>' being compiled
  c:\users\bobby\desktop\weewooweewoo\paid\Config.h(149): note: see reference to class template instantiation 'XorCompileTime::XorString<17,171>' being compiled
  c:\users\bobby\desktop\weewooweewoo\paid\Config.h(149): note: see reference to class template instantiation 'XorCompileTime::XorString<4,170>' being compiled
  c:\users\bobby\desktop\weewooweewoo\paid\Config.h(148): note: see reference to class template instantiation 'XorCompileTime::XorString<16,169>' being compiled
  c:\users\bobby\desktop\weewooweewoo\paid\Config.h(148): note: see reference to class template instantiation 'XorCompileTime::XorString<4,168>' being compiled
  c:\users\bobby\desktop\weewooweewoo\paid\Config.h(147): note: see reference to class template instantiation 'XorCompileTime::XorString<11,167>' being compiled
  c:\users\bobby\desktop\weewooweewoo\paid\Config.h(147): note: see reference to class template instantiation 'XorCompileTime::XorString<4,166>' being compiled
  c:\users\bobby\desktop\weewooweewoo\paid\Config.h(146): note: see reference to class template instantiation 'XorCompileTime::XorString<11,165>' being compiled
  c:\users\bobby\desktop\weewooweewoo\paid\Config.h(146): note: see reference to class template instantiation 'XorCompileTime::XorString<4,164>' being compiled
  c:\users\bobby\desktop\weewooweewoo\paid\Config.h(145): note: see reference to class template instantiation 'XorCompileTime::XorString<12,163>' being compiled
  c:\users\bobby\desktop\weewooweewoo\paid\Config.h(145): note: see reference to class template instantiation 'XorCompileTime::XorString<4,162>' being compiled
  c:\users\bobby\desktop\weewooweewoo\paid\Config.h(144): note: see reference to class template instantiation 'XorCompileTime::XorString<8,161>' being compiled
  c:\users\bobby\desktop\weewooweewoo\paid\Config.h(144): note: see reference to class template instantiation 'XorCompileTime::XorString<4,160>' being compiled
  c:\users\bobby\desktop\weewooweewoo\paid\Config.h(143): note: see reference to class template instantiation 'XorCompileTime::XorString<8,159>' being compiled
  c:\users\bobby\desktop\weewooweewoo\paid\Config.h(143): note: see reference to class template instantiation 'XorCompileTime::XorString<4,158>' being compiled
  c:\users\bobby\desktop\weewooweewoo\paid\Config.h(142): note: see reference to class template instantiation 'XorCompileTime::XorString<9,157>' being compiled
  c:\users\bobby\desktop\weewooweewoo\paid\Config.h(142): note: see reference to class template instantiation 'XorCompileTime::XorString<4,156>' being compiled
  c:\users\bobby\desktop\weewooweewoo\paid\Config.h(141): note: see reference to class template instantiation 'XorCompileTime::XorString<13,155>' being compiled
  c:\users\bobby\desktop\weewooweewoo\paid\Config.h(141): note: see reference to class template instantiation 'XorCompileTime::XorString<4,154>' being compiled
  c:\users\bobby\desktop\weewooweewoo\paid\Config.h(140): note: see reference to class template instantiation 'XorCompileTime::XorString<8,153>' being compiled
  c:\users\bobby\desktop\weewooweewoo\paid\Config.h(140): note: see reference to class template instantiation 'XorCompileTime::XorString<4,152>' being compiled
  c:\users\bobby\desktop\weewooweewoo\paid\Config.h(139): note: see reference to class template instantiation 'XorCompileTime::XorString<13,151>' being compiled
  c:\users\bobby\desktop\weewooweewoo\paid\Config.h(139): note: see reference to class template instantiation 'XorCompileTime::XorString<4,150>' being compiled
  c:\users\bobby\desktop\weewooweewoo\paid\Config.h(138): note: see reference to class template instantiation 'XorCompileTime::XorString<10,149>' being compiled
  c:\users\bobby\desktop\weewooweewoo\paid\Config.h(138): note: see reference to class template instantiation 'XorCompileTime::XorString<4,148>' being compiled
  c:\users\bobby\desktop\weewooweewoo\paid\Config.h(137): note: see reference to class template instantiation 'XorCompileTime::XorString<8,147>' being compiled
  c:\users\bobby\desktop\weewooweewoo\paid\Config.h(137): note: see reference to class template instantiation 'XorCompileTime::XorString<4,146>' being compiled
  c:\users\bobby\desktop\weewooweewoo\paid\Config.h(136): note: see reference to class template instantiation 'XorCompileTime::XorString<16,145>' being compiled
  c:\users\bobby\desktop\weewooweewoo\paid\Config.h(136): note: see reference to class template instantiation 'XorCompileTime::XorString<4,144>' being compiled
  c:\users\bobby\desktop\weewooweewoo\paid\Config.h(135): note: see reference to class template instantiation 'XorCompileTime::XorString<16,143>' being compiled
  c:\users\bobby\desktop\weewooweewoo\paid\Config.h(135): note: see reference to class template instantiation 'XorCompileTime::XorString<4,142>' being compiled
  c:\users\bobby\desktop\weewooweewoo\paid\Config.h(134): note: see reference to class template instantiation 'XorCompileTime::XorString<12,141>' being compiled
  c:\users\bobby\desktop\weewooweewoo\paid\Config.h(134): note: see reference to class template instantiation 'XorCompileTime::XorString<4,140>' being compiled
  c:\users\bobby\desktop\weewooweewoo\paid\Config.h(133): note: see reference to class template instantiation 'XorCompileTime::XorString<13,139>' being compiled
  c:\users\bobby\desktop\weewooweewoo\paid\Config.h(133): note: see reference to class template instantiation 'XorCompileTime::XorString<4,138>' being compiled
  c:\users\bobby\desktop\weewooweewoo\paid\Config.h(132): note: see reference to class template instantiation 'XorCompileTime::XorString<9,137>' being compiled
  c:\users\bobby\desktop\weewooweewoo\paid\Config.h(132): note: see reference to class template instantiation 'XorCompileTime::XorString<4,136>' being compiled
  c:\users\bobby\desktop\weewooweewoo\paid\Config.h(131): note: see reference to class template instantiation 'XorCompileTime::XorString<14,135>' being compiled
  c:\users\bobby\desktop\weewooweewoo\paid\Config.h(131): note: see reference to class template instantiation 'XorCompileTime::XorString<4,134>' being compiled
  c:\users\bobby\desktop\weewooweewoo\paid\Config.h(130): note: see reference to class template instantiation 'XorCompileTime::XorString<9,133>' being compiled
  c:\users\bobby\desktop\weewooweewoo\paid\Config.h(130): note: see reference to class template instantiation 'XorCompileTime::XorString<4,132>' being compiled
  c:\users\bobby\desktop\weewooweewoo\paid\Config.h(129): note: see reference to class template instantiation 'XorCompileTime::XorString<12,131>' being compiled
  c:\users\bobby\desktop\weewooweewoo\paid\Config.h(129): note: see reference to class template instantiation 'XorCompileTime::XorString<4,130>' being compiled
  c:\users\bobby\desktop\weewooweewoo\paid\Config.h(127): note: see reference to class template instantiation 'XorCompileTime::XorString<8,129>' being compiled
  c:\users\bobby\desktop\weewooweewoo\paid\Config.h(127): note: see reference to class template instantiation 'XorCompileTime::XorString<11,128>' being compiled
  c:\users\bobby\desktop\weewooweewoo\paid\Config.h(126): note: see reference to class template instantiation 'XorCompileTime::XorString<7,127>' being compiled
  c:\users\bobby\desktop\weewooweewoo\paid\Config.h(126): note: see reference to class template instantiation 'XorCompileTime::XorString<11,126>' being compiled
  c:\users\bobby\desktop\weewooweewoo\paid\Config.h(125): note: see reference to class template instantiation 'XorCompileTime::XorString<8,125>' being compiled
  c:\users\bobby\desktop\weewooweewoo\paid\Config.h(125): note: see reference to class template instantiation 'XorCompileTime::XorString<11,124>' being compiled
  c:\users\bobby\desktop\weewooweewoo\paid\Config.h(124): note: see reference to class template instantiation 'XorCompileTime::XorString<7,123>' being compiled
  c:\users\bobby\desktop\weewooweewoo\paid\Config.h(124): note: see reference to class template instantiation 'XorCompileTime::XorString<11,122>' being compiled
  c:\users\bobby\desktop\weewooweewoo\paid\Config.h(123): note: see reference to class template instantiation 'XorCompileTime::XorString<8,121>' being compiled
  c:\users\bobby\desktop\weewooweewoo\paid\Config.h(123): note: see reference to class template instantiation 'XorCompileTime::XorString<11,120>' being compiled
  c:\users\bobby\desktop\weewooweewoo\paid\Config.h(122): note: see reference to class template instantiation 'XorCompileTime::XorString<10,119>' being compiled
  c:\users\bobby\desktop\weewooweewoo\paid\Config.h(122): note: see reference to class template instantiation 'XorCompileTime::XorString<11,118>' being compiled
  c:\users\bobby\desktop\weewooweewoo\paid\Config.h(121): note: see reference to class template instantiation 'XorCompileTime::XorString<10,117>' being compiled
  c:\users\bobby\desktop\weewooweewoo\paid\Config.h(121): note: see reference to class template instantiation 'XorCompileTime::XorString<11,116>' being compiled
  c:\users\bobby\desktop\weewooweewoo\paid\Config.h(120): note: see reference to class template instantiation 'XorCompileTime::XorString<6,115>' being compiled
  c:\users\bobby\desktop\weewooweewoo\paid\Config.h(120): note: see reference to class template instantiation 'XorCompileTime::XorString<11,114>' being compiled
  c:\users\bobby\desktop\weewooweewoo\paid\Config.h(119): note: see reference to class template instantiation 'XorCompileTime::XorString<6,113>' being compiled
  c:\users\bobby\desktop\weewooweewoo\paid\Config.h(119): note: see reference to class template instantiation 'XorCompileTime::XorString<11,112>' being compiled
  c:\users\bobby\desktop\weewooweewoo\paid\Config.h(118): note: see reference to class template instantiation 'XorCompileTime::XorString<13,111>' being compiled
  c:\users\bobby\desktop\weewooweewoo\paid\Config.h(118): note: see reference to class template instantiation 'XorCompileTime::XorString<11,110>' being compiled
  c:\users\bobby\desktop\weewooweewoo\paid\Config.h(117): note: see reference to class template instantiation 'XorCompileTime::XorString<13,109>' being compiled
  c:\users\bobby\desktop\weewooweewoo\paid\Config.h(117): note: see reference to class template instantiation 'XorCompileTime::XorString<11,108>' being compiled
  c:\users\bobby\desktop\weewooweewoo\paid\Config.h(116): note: see reference to class template instantiation 'XorCompileTime::XorString<12,107>' being compiled
  c:\users\bobby\desktop\weewooweewoo\paid\Config.h(116): note: see reference to class template instantiation 'XorCompileTime::XorString<11,106>' being compiled
  c:\users\bobby\desktop\weewooweewoo\paid\Config.h(114): note: see reference to class template instantiation 'XorCompileTime::XorString<5,105>' being compiled
  c:\users\bobby\desktop\weewooweewoo\paid\Config.h(114): note: see reference to class template instantiation 'XorCompileTime::XorString<5,104>' being compiled
  c:\users\bobby\desktop\weewooweewoo\paid\Config.h(113): note: see reference to class template instantiation 'XorCompileTime::XorString<11,103>' being compiled
  c:\users\bobby\desktop\weewooweewoo\paid\Config.h(113): note: see reference to class template instantiation 'XorCompileTime::XorString<5,102>' being compiled
  c:\users\bobby\desktop\weewooweewoo\paid\Config.h(112): note: see reference to class template instantiation 'XorCompileTime::XorString<12,101>' being compiled
  c:\users\bobby\desktop\weewooweewoo\paid\Config.h(112): note: see reference to class template instantiation 'XorCompileTime::XorString<5,100>' being compiled
  c:\users\bobby\desktop\weewooweewoo\paid\Config.h(111): note: see reference to class template instantiation 'XorCompileTime::XorString<10,99>' being compiled
  c:\users\bobby\desktop\weewooweewoo\paid\Config.h(111): note: see reference to class template instantiation 'XorCompileTime::XorString<5,98>' being compiled
  c:\users\bobby\desktop\weewooweewoo\paid\Config.h(110): note: see reference to class template instantiation 'XorCompileTime::XorString<6,97>' being compiled
  c:\users\bobby\desktop\weewooweewoo\paid\Config.h(110): note: see reference to class template instantiation 'XorCompileTime::XorString<5,96>' being compiled
  c:\users\bobby\desktop\weewooweewoo\paid\Config.h(109): note: see reference to class template instantiation 'XorCompileTime::XorString<6,95>' being compiled
  c:\users\bobby\desktop\weewooweewoo\paid\Config.h(109): note: see reference to class template instantiation 'XorCompileTime::XorString<5,94>' being compiled
  c:\users\bobby\desktop\weewooweewoo\paid\Config.h(108): note: see reference to class template instantiation 'XorCompileTime::XorString<5,93>' being compiled
  c:\users\bobby\desktop\weewooweewoo\paid\Config.h(108): note: see reference to class template instantiation 'XorCompileTime::XorString<5,92>' being compiled
  c:\users\bobby\desktop\weewooweewoo\paid\Config.h(107): note: see reference to class template instantiation 'XorCompileTime::XorString<6,91>' being compiled
  c:\users\bobby\desktop\weewooweewoo\paid\Config.h(107): note: see reference to class template instantiation 'XorCompileTime::XorString<5,90>' being compiled
  c:\users\bobby\desktop\weewooweewoo\paid\Config.h(106): note: see reference to class template instantiation 'XorCompileTime::XorString<8,89>' being compiled
  c:\users\bobby\desktop\weewooweewoo\paid\Config.h(106): note: see reference to class template instantiation 'XorCompileTime::XorString<5,88>' being compiled
  c:\users\bobby\desktop\weewooweewoo\paid\Config.h(104): note: see reference to class template instantiation 'XorCompileTime::XorString<7,87>' being compiled
  c:\users\bobby\desktop\weewooweewoo\paid\Config.h(104): note: see reference to class template instantiation 'XorCompileTime::XorString<5,86>' being compiled
  c:\users\bobby\desktop\weewooweewoo\paid\Config.h(103): note: see reference to class template instantiation 'XorCompileTime::XorString<7,85>' being compiled
  c:\users\bobby\desktop\weewooweewoo\paid\Config.h(103): note: see reference to class template instantiation 'XorCompileTime::XorString<5,84>' being compiled
  c:\users\bobby\desktop\weewooweewoo\paid\Config.h(102): note: see reference to class template instantiation 'XorCompileTime::XorString<7,83>' being compiled
  c:\users\bobby\desktop\weewooweewoo\paid\Config.h(102): note: see reference to class template instantiation 'XorCompileTime::XorString<5,82>' being compiled
  c:\users\bobby\desktop\weewooweewoo\paid\Config.h(100): note: see reference to class template instantiation 'XorCompileTime::XorString<6,81>' being compiled
  c:\users\bobby\desktop\weewooweewoo\paid\Config.h(100): note: see reference to class template instantiation 'XorCompileTime::XorString<5,80>' being compiled
  c:\users\bobby\desktop\weewooweewoo\paid\Config.h(99): note: see reference to class template instantiation 'XorCompileTime::XorString<8,79>' being compiled
  c:\users\bobby\desktop\weewooweewoo\paid\Config.h(99): note: see reference to class template instantiation 'XorCompileTime::XorString<5,78>' being compiled
  c:\users\bobby\desktop\weewooweewoo\paid\Config.h(97): note: see reference to class template instantiation 'XorCompileTime::XorString<16,77>' being compiled
  c:\users\bobby\desktop\weewooweewoo\paid\Config.h(97): note: see reference to class template instantiation 'XorCompileTime::XorString<5,76>' being compiled
  c:\users\bobby\desktop\weewooweewoo\paid\Config.h(96): note: see reference to class template instantiation 'XorCompileTime::XorString<16,75>' being compiled
  c:\users\bobby\desktop\weewooweewoo\paid\Config.h(96): note: see reference to class template instantiation 'XorCompileTime::XorString<5,74>' being compiled
  c:\users\bobby\desktop\weewooweewoo\paid\Config.h(95): note: see reference to class template instantiation 'XorCompileTime::XorString<16,73>' being compiled
  c:\users\bobby\desktop\weewooweewoo\paid\Config.h(95): note: see reference to class template instantiation 'XorCompileTime::XorString<5,72>' being compiled
  c:\users\bobby\desktop\weewooweewoo\paid\Config.h(93): note: see reference to class template instantiation 'XorCompileTime::XorString<14,71>' being compiled
  c:\users\bobby\desktop\weewooweewoo\paid\Config.h(93): note: see reference to class template instantiation 'XorCompileTime::XorString<5,70>' being compiled
  c:\users\bobby\desktop\weewooweewoo\paid\Config.h(92): note: see reference to class template instantiation 'XorCompileTime::XorString<14,69>' being compiled
  c:\users\bobby\desktop\weewooweewoo\paid\Config.h(92): note: see reference to class template instantiation 'XorCompileTime::XorString<5,68>' being compiled
  c:\users\bobby\desktop\weewooweewoo\paid\Config.h(91): note: see reference to class template instantiation 'XorCompileTime::XorString<14,67>' being compiled
  c:\users\bobby\desktop\weewooweewoo\paid\Config.h(91): note: see reference to class template instantiation 'XorCompileTime::XorString<5,66>' being compiled
  c:\users\bobby\desktop\weewooweewoo\paid\Config.h(89): note: see reference to class template instantiation 'XorCompileTime::XorString<6,65>' being compiled
  c:\users\bobby\desktop\weewooweewoo\paid\Config.h(89): note: see reference to class template instantiation 'XorCompileTime::XorString<5,64>' being compiled
  c:\users\bobby\desktop\weewooweewoo\paid\Config.h(88): note: see reference to class template instantiation 'XorCompileTime::XorString<12,63>' being compiled
  c:\users\bobby\desktop\weewooweewoo\paid\Config.h(88): note: see reference to class template instantiation 'XorCompileTime::XorString<5,62>' being compiled
  c:\users\bobby\desktop\weewooweewoo\paid\Config.h(87): note: see reference to class template instantiation 'XorCompileTime::XorString<10,61>' being compiled
  c:\users\bobby\desktop\weewooweewoo\paid\Config.h(87): note: see reference to class template instantiation 'XorCompileTime::XorString<5,60>' being compiled
  c:\users\bobby\desktop\weewooweewoo\paid\Config.h(86): note: see reference to class template instantiation 'XorCompileTime::XorString<8,59>' being compiled
  c:\users\bobby\desktop\weewooweewoo\paid\Config.h(86): note: see reference to class template instantiation 'XorCompileTime::XorString<5,58>' being compiled
  c:\users\bobby\desktop\weewooweewoo\paid\Config.h(84): note: see reference to class template instantiation 'XorCompileTime::XorString<7,57>' being compiled
  c:\users\bobby\desktop\weewooweewoo\paid\Config.h(84): note: see reference to class template instantiation 'XorCompileTime::XorString<3,56>' being compiled
  c:\users\bobby\desktop\weewooweewoo\paid\Config.h(83): note: see reference to class template instantiation 'XorCompileTime::XorString<7,55>' being compiled
  c:\users\bobby\desktop\weewooweewoo\paid\Config.h(83): note: see reference to class template instantiation 'XorCompileTime::XorString<3,54>' being compiled
  c:\users\bobby\desktop\weewooweewoo\paid\Config.h(82): note: see reference to class template instantiation 'XorCompileTime::XorString<7,53>' being compiled
  c:\users\bobby\desktop\weewooweewoo\paid\Config.h(82): note: see reference to class template instantiation 'XorCompileTime::XorString<3,52>' being compiled
  c:\users\bobby\desktop\weewooweewoo\paid\Config.h(80): note: see reference to class template instantiation 'XorCompileTime::XorString<8,51>' being compiled
  c:\users\bobby\desktop\weewooweewoo\paid\Config.h(80): note: see reference to class template instantiation 'XorCompileTime::XorString<4,50>' being compiled
  c:\users\bobby\desktop\weewooweewoo\paid\Config.h(79): note: see reference to class template instantiation 'XorCompileTime::XorString<8,49>' being compiled
  c:\users\bobby\desktop\weewooweewoo\paid\Config.h(79): note: see reference to class template instantiation 'XorCompileTime::XorString<4,48>' being compiled
  c:\users\bobby\desktop\weewooweewoo\paid\Config.h(78): note: see reference to class template instantiation 'XorCompileTime::XorString<8,47>' being compiled
  c:\users\bobby\desktop\weewooweewoo\paid\Config.h(78): note: see reference to class template instantiation 'XorCompileTime::XorString<4,46>' being compiled
  c:\users\bobby\desktop\weewooweewoo\paid\Config.h(76): note: see reference to class template instantiation 'XorCompileTime::XorString<7,45>' being compiled
  c:\users\bobby\desktop\weewooweewoo\paid\Config.h(76): note: see reference to class template instantiation 'XorCompileTime::XorString<3,44>' being compiled
  c:\users\bobby\desktop\weewooweewoo\paid\Config.h(75): note: see reference to class template instantiation 'XorCompileTime::XorString<7,43>' being compiled
  c:\users\bobby\desktop\weewooweewoo\paid\Config.h(75): note: see reference to class template instantiation 'XorCompileTime::XorString<3,42>' being compiled
  c:\users\bobby\desktop\weewooweewoo\paid\Config.h(74): note: see reference to class template instantiation 'XorCompileTime::XorString<7,41>' being compiled
  c:\users\bobby\desktop\weewooweewoo\paid\Config.h(74): note: see reference to class template instantiation 'XorCompileTime::XorString<3,40>' being compiled
  c:\users\bobby\desktop\weewooweewoo\paid\Config.h(71): note: see reference to class template instantiation 'XorCompileTime::XorString<8,39>' being compiled
  c:\users\bobby\desktop\weewooweewoo\paid\Config.h(71): note: see reference to class template instantiation 'XorCompileTime::XorString<3,38>' being compiled
  c:\users\bobby\desktop\weewooweewoo\paid\Config.h(70): note: see reference to class template instantiation 'XorCompileTime::XorString<11,37>' being compiled
  c:\users\bobby\desktop\weewooweewoo\paid\Config.h(70): note: see reference to class template instantiation 'XorCompileTime::XorString<3,36>' being compiled
  c:\users\bobby\desktop\weewooweewoo\paid\Config.h(69): note: see reference to class template instantiation 'XorCompileTime::XorString<7,35>' being compiled
  c:\users\bobby\desktop\weewooweewoo\paid\Config.h(69): note: see reference to class template instantiation 'XorCompileTime::XorString<3,34>' being compiled
  c:\users\bobby\desktop\weewooweewoo\paid\Config.h(68): note: see reference to class template instantiation 'XorCompileTime::XorString<7,33>' being compiled
  c:\users\bobby\desktop\weewooweewoo\paid\Config.h(68): note: see reference to class template instantiation 'XorCompileTime::XorString<3,32>' being compiled
  c:\users\bobby\desktop\weewooweewoo\paid\Config.h(67): note: see reference to class template instantiation 'XorCompileTime::XorString<5,31>' being compiled
  c:\users\bobby\desktop\weewooweewoo\paid\Config.h(67): note: see reference to class template instantiation 'XorCompileTime::XorString<3,30>' being compiled
  c:\users\bobby\desktop\weewooweewoo\paid\Config.h(66): note: see reference to class template instantiation 'XorCompileTime::XorString<7,29>' being compiled
  c:\users\bobby\desktop\weewooweewoo\paid\Config.h(66): note: see reference to class template instantiation 'XorCompileTime::XorString<3,28>' being compiled
  c:\users\bobby\desktop\weewooweewoo\paid\Config.h(65): note: see reference to class template instantiation 'XorCompileTime::XorString<9,27>' being compiled
  c:\users\bobby\desktop\weewooweewoo\paid\Config.h(65): note: see reference to class template instantiation 'XorCompileTime::XorString<3,26>' being compiled
  c:\users\bobby\desktop\weewooweewoo\paid\Config.h(64): note: see reference to class template instantiation 'XorCompileTime::XorString<6,25>' being compiled
  c:\users\bobby\desktop\weewooweewoo\paid\Config.h(64): note: see reference to class template instantiation 'XorCompileTime::XorString<3,24>' being compiled
  c:\users\bobby\desktop\weewooweewoo\paid\Config.h(63): note: see reference to class template instantiation 'XorCompileTime::XorString<4,23>' being compiled
  c:\users\bobby\desktop\weewooweewoo\paid\Config.h(63): note: see reference to class template instantiation 'XorCompileTime::XorString<3,22>' being compiled
  c:\users\bobby\desktop\weewooweewoo\paid\Config.h(62): note: see reference to class template instantiation 'XorCompileTime::XorString<11,21>' being compiled
  c:\users\bobby\desktop\weewooweewoo\paid\Config.h(62): note: see reference to class template instantiation 'XorCompileTime::XorString<3,20>' being compiled
  c:\users\bobby\desktop\weewooweewoo\paid\Config.h(61): note: see reference to class template instantiation 'XorCompileTime::XorString<12,19>' being compiled
  c:\users\bobby\desktop\weewooweewoo\paid\Config.h(61): note: see reference to class template instantiation 'XorCompileTime::XorString<3,18>' being compiled
  c:\users\bobby\desktop\weewooweewoo\paid\Config.h(60): note: see reference to class template instantiation 'XorCompileTime::XorString<10,17>' being compiled
  c:\users\bobby\desktop\weewooweewoo\paid\Config.h(60): note: see reference to class template instantiation 'XorCompileTime::XorString<3,16>' being compiled
  c:\users\bobby\desktop\weewooweewoo\paid\Config.h(59): note: see reference to class template instantiation 'XorCompileTime::XorString<8,15>' being compiled
  c:\users\bobby\desktop\weewooweewoo\paid\Config.h(59): note: see reference to class template instantiation 'XorCompileTime::XorString<3,14>' being compiled
  c:\users\bobby\desktop\weewooweewoo\paid\Config.h(57): note: see reference to class template instantiation 'XorCompileTime::XorString<14,13>' being compiled
  c:\users\bobby\desktop\weewooweewoo\paid\Config.h(57): note: see reference to class template instantiation 'XorCompileTime::XorString<8,12>' being compiled
  c:\users\bobby\desktop\weewooweewoo\paid\Config.h(56): note: see reference to class template instantiation 'XorCompileTime::XorString<10,11>' being compiled
  c:\users\bobby\desktop\weewooweewoo\paid\Config.h(56): note: see reference to class template instantiation 'XorCompileTime::XorString<8,10>' being compiled
  c:\users\bobby\desktop\weewooweewoo\paid\Config.h(55): note: see reference to class template instantiation 'XorCompileTime::XorString<8,9>' being compiled
  c:\users\bobby\desktop\weewooweewoo\paid\Config.h(55): note: see reference to class template instantiation 'XorCompileTime::XorString<8,8>' being compiled
  c:\users\bobby\desktop\weewooweewoo\paid\Config.h(54): note: see reference to class template instantiation 'XorCompileTime::XorString<11,7>' being compiled
  c:\users\bobby\desktop\weewooweewoo\paid\Config.h(54): note: see reference to class template instantiation 'XorCompileTime::XorString<8,6>' being compiled
  c:\users\bobby\desktop\weewooweewoo\paid\Config.h(53): note: see reference to class template instantiation 'XorCompileTime::XorString<11,5>' being compiled
  c:\users\bobby\desktop\weewooweewoo\paid\Config.h(53): note: see reference to class template instantiation 'XorCompileTime::XorString<8,4>' being compiled
  c:\users\bobby\desktop\weewooweewoo\paid\Config.h(52): note: see reference to class template instantiation 'XorCompileTime::XorString<8,3>' being compiled
  c:\users\bobby\desktop\weewooweewoo\paid\Config.h(52): note: see reference to class template instantiation 'XorCompileTime::XorString<8,2>' being compiled
  c:\users\bobby\desktop\weewooweewoo\paid\Config.h(51): note: see reference to class template instantiation 'XorCompileTime::XorString<8,1>' being compiled
  c:\users\bobby\desktop\weewooweewoo\paid\Config.h(51): note: see reference to class template instantiation 'XorCompileTime::XorString<8,0>' being compiled
  Generating code
  867 of 6018 functions (14.4%) were compiled, the rest were copied from previous compilation.
    0 functions were new in current compilation
    73 functions had inline decision re-evaluated but remain unchanged
  Finished generating code
  CSGO_Hack.vcxproj -> C:\Users\Bobby\Desktop\weewooweewoo\paid\Release\ShaytanHook.dll
